2018-08-26 19:10:02,137 INFO     [1315][deckbuilder_app.views.new_deck:106] Create New Deck: {'name': 'Badgers', 'cards': {'Unstoppable': 2, 'Roughrock Pangolin': 2, 'Fortification': 3, 'Burrow Badger': 1, 'Life Guardian': 3, 'Logistics Officer': 1, 'Caroline, Holy Lance': 1, 'Janissary Commander': 2, 'Cull': 0, 'Prime of Life': 3, 'Zax Commander': 1, "Light's Retribution": 3, 'Retribution Angel': 0}}
2018-08-26 19:13:49,290 INFO     [1834][deckbuilder_app.views.deck_edit:47] Updating deck 'Badgers' id 2
2018-08-26 19:13:49,295 ERROR    [1834][deckbuilder_app.views.deck_edit:73] Problem updating card 'Unstoppable'
Traceback (most recent call last):
  File "/home/martin/venvs/deckbuilder/lib/python3.6/site-packages/django/db/backends/utils.py", line 85, in _execute
    return self.cursor.execute(sql, params)
  File "/home/martin/venvs/deckbuilder/lib/python3.6/site-packages/django/db/backends/sqlite3/base.py", line 296, in execute
    return Database.Cursor.execute(self, query, params)
sqlite3.IntegrityError: UNIQUE constraint failed: card_in_deck.card_id, card_in_deck.deck_id

The above exception was the direct cause of the following exception:

Traceback (most recent call last):
  File "/home/martin/Projects/deckbuilder/deckbuilder_app/views.py", line 71, in deck_edit
    CardInDeck.objects.update(deck=deck, card=card, copies=number)
  File "/home/martin/venvs/deckbuilder/lib/python3.6/site-packages/django/db/models/manager.py", line 82, in manager_method
    return getattr(self.get_queryset(), name)(*args, **kwargs)
  File "/home/martin/venvs/deckbuilder/lib/python3.6/site-packages/django/db/models/query.py", line 690, in update
    rows = query.get_compiler(self.db).execute_sql(CURSOR)
  File "/home/martin/venvs/deckbuilder/lib/python3.6/site-packages/django/db/models/sql/compiler.py", line 1379, in execute_sql
    cursor = super().execute_sql(result_type)
  File "/home/martin/venvs/deckbuilder/lib/python3.6/site-packages/django/db/models/sql/compiler.py", line 1061, in execute_sql
    cursor.execute(sql, params)
  File "/home/martin/venvs/deckbuilder/lib/python3.6/site-packages/django/db/backends/utils.py", line 100, in execute
    return super().execute(sql, params)
  File "/home/martin/venvs/deckbuilder/lib/python3.6/site-packages/django/db/backends/utils.py", line 68, in execute
    return self._execute_with_wrappers(sql, params, many=False, executor=self._execute)
  File "/home/martin/venvs/deckbuilder/lib/python3.6/site-packages/django/db/backends/utils.py", line 77, in _execute_with_wrappers
    return executor(sql, params, many, context)
  File "/home/martin/venvs/deckbuilder/lib/python3.6/site-packages/django/db/backends/utils.py", line 85, in _execute
    return self.cursor.execute(sql, params)
  File "/home/martin/venvs/deckbuilder/lib/python3.6/site-packages/django/db/utils.py", line 89, in __exit__
    raise dj_exc_value.with_traceback(traceback) from exc_value
  File "/home/martin/venvs/deckbuilder/lib/python3.6/site-packages/django/db/backends/utils.py", line 85, in _execute
    return self.cursor.execute(sql, params)
  File "/home/martin/venvs/deckbuilder/lib/python3.6/site-packages/django/db/backends/sqlite3/base.py", line 296, in execute
    return Database.Cursor.execute(self, query, params)
django.db.utils.IntegrityError: UNIQUE constraint failed: card_in_deck.card_id, card_in_deck.deck_id
2018-08-26 19:13:49,303 ERROR    [1834][deckbuilder_app.views.deck_edit:73] Problem updating card 'Roughrock Pangolin'
Traceback (most recent call last):
  File "/home/martin/venvs/deckbuilder/lib/python3.6/site-packages/django/db/backends/utils.py", line 85, in _execute
    return self.cursor.execute(sql, params)
  File "/home/martin/venvs/deckbuilder/lib/python3.6/site-packages/django/db/backends/sqlite3/base.py", line 296, in execute
    return Database.Cursor.execute(self, query, params)
sqlite3.IntegrityError: UNIQUE constraint failed: card_in_deck.card_id, card_in_deck.deck_id

The above exception was the direct cause of the following exception:

Traceback (most recent call last):
  File "/home/martin/Projects/deckbuilder/deckbuilder_app/views.py", line 71, in deck_edit
    CardInDeck.objects.update(deck=deck, card=card, copies=number)
  File "/home/martin/venvs/deckbuilder/lib/python3.6/site-packages/django/db/models/manager.py", line 82, in manager_method
    return getattr(self.get_queryset(), name)(*args, **kwargs)
  File "/home/martin/venvs/deckbuilder/lib/python3.6/site-packages/django/db/models/query.py", line 690, in update
    rows = query.get_compiler(self.db).execute_sql(CURSOR)
  File "/home/martin/venvs/deckbuilder/lib/python3.6/site-packages/django/db/models/sql/compiler.py", line 1379, in execute_sql
    cursor = super().execute_sql(result_type)
  File "/home/martin/venvs/deckbuilder/lib/python3.6/site-packages/django/db/models/sql/compiler.py", line 1061, in execute_sql
    cursor.execute(sql, params)
  File "/home/martin/venvs/deckbuilder/lib/python3.6/site-packages/django/db/backends/utils.py", line 100, in execute
    return super().execute(sql, params)
  File "/home/martin/venvs/deckbuilder/lib/python3.6/site-packages/django/db/backends/utils.py", line 68, in execute
    return self._execute_with_wrappers(sql, params, many=False, executor=self._execute)
  File "/home/martin/venvs/deckbuilder/lib/python3.6/site-packages/django/db/backends/utils.py", line 77, in _execute_with_wrappers
    return executor(sql, params, many, context)
  File "/home/martin/venvs/deckbuilder/lib/python3.6/site-packages/django/db/backends/utils.py", line 85, in _execute
    return self.cursor.execute(sql, params)
  File "/home/martin/venvs/deckbuilder/lib/python3.6/site-packages/django/db/utils.py", line 89, in __exit__
    raise dj_exc_value.with_traceback(traceback) from exc_value
  File "/home/martin/venvs/deckbuilder/lib/python3.6/site-packages/django/db/backends/utils.py", line 85, in _execute
    return self.cursor.execute(sql, params)
  File "/home/martin/venvs/deckbuilder/lib/python3.6/site-packages/django/db/backends/sqlite3/base.py", line 296, in execute
    return Database.Cursor.execute(self, query, params)
django.db.utils.IntegrityError: UNIQUE constraint failed: card_in_deck.card_id, card_in_deck.deck_id
2018-08-26 19:13:49,305 ERROR    [1834][deckbuilder_app.views.deck_edit:73] Problem updating card 'Fortification'
Traceback (most recent call last):
  File "/home/martin/venvs/deckbuilder/lib/python3.6/site-packages/django/db/backends/utils.py", line 85, in _execute
    return self.cursor.execute(sql, params)
  File "/home/martin/venvs/deckbuilder/lib/python3.6/site-packages/django/db/backends/sqlite3/base.py", line 296, in execute
    return Database.Cursor.execute(self, query, params)
sqlite3.IntegrityError: UNIQUE constraint failed: card_in_deck.card_id, card_in_deck.deck_id

The above exception was the direct cause of the following exception:

Traceback (most recent call last):
  File "/home/martin/Projects/deckbuilder/deckbuilder_app/views.py", line 71, in deck_edit
    CardInDeck.objects.update(deck=deck, card=card, copies=number)
  File "/home/martin/venvs/deckbuilder/lib/python3.6/site-packages/django/db/models/manager.py", line 82, in manager_method
    return getattr(self.get_queryset(), name)(*args, **kwargs)
  File "/home/martin/venvs/deckbuilder/lib/python3.6/site-packages/django/db/models/query.py", line 690, in update
    rows = query.get_compiler(self.db).execute_sql(CURSOR)
  File "/home/martin/venvs/deckbuilder/lib/python3.6/site-packages/django/db/models/sql/compiler.py", line 1379, in execute_sql
    cursor = super().execute_sql(result_type)
  File "/home/martin/venvs/deckbuilder/lib/python3.6/site-packages/django/db/models/sql/compiler.py", line 1061, in execute_sql
    cursor.execute(sql, params)
  File "/home/martin/venvs/deckbuilder/lib/python3.6/site-packages/django/db/backends/utils.py", line 100, in execute
    return super().execute(sql, params)
  File "/home/martin/venvs/deckbuilder/lib/python3.6/site-packages/django/db/backends/utils.py", line 68, in execute
    return self._execute_with_wrappers(sql, params, many=False, executor=self._execute)
  File "/home/martin/venvs/deckbuilder/lib/python3.6/site-packages/django/db/backends/utils.py", line 77, in _execute_with_wrappers
    return executor(sql, params, many, context)
  File "/home/martin/venvs/deckbuilder/lib/python3.6/site-packages/django/db/backends/utils.py", line 85, in _execute
    return self.cursor.execute(sql, params)
  File "/home/martin/venvs/deckbuilder/lib/python3.6/site-packages/django/db/utils.py", line 89, in __exit__
    raise dj_exc_value.with_traceback(traceback) from exc_value
  File "/home/martin/venvs/deckbuilder/lib/python3.6/site-packages/django/db/backends/utils.py", line 85, in _execute
    return self.cursor.execute(sql, params)
  File "/home/martin/venvs/deckbuilder/lib/python3.6/site-packages/django/db/backends/sqlite3/base.py", line 296, in execute
    return Database.Cursor.execute(self, query, params)
django.db.utils.IntegrityError: UNIQUE constraint failed: card_in_deck.card_id, card_in_deck.deck_id
2018-08-26 19:13:49,307 ERROR    [1834][deckbuilder_app.views.deck_edit:73] Problem updating card 'Burrow Badger'
Traceback (most recent call last):
  File "/home/martin/venvs/deckbuilder/lib/python3.6/site-packages/django/db/backends/utils.py", line 85, in _execute
    return self.cursor.execute(sql, params)
  File "/home/martin/venvs/deckbuilder/lib/python3.6/site-packages/django/db/backends/sqlite3/base.py", line 296, in execute
    return Database.Cursor.execute(self, query, params)
sqlite3.IntegrityError: UNIQUE constraint failed: card_in_deck.card_id, card_in_deck.deck_id

The above exception was the direct cause of the following exception:

Traceback (most recent call last):
  File "/home/martin/Projects/deckbuilder/deckbuilder_app/views.py", line 71, in deck_edit
    CardInDeck.objects.update(deck=deck, card=card, copies=number)
  File "/home/martin/venvs/deckbuilder/lib/python3.6/site-packages/django/db/models/manager.py", line 82, in manager_method
    return getattr(self.get_queryset(), name)(*args, **kwargs)
  File "/home/martin/venvs/deckbuilder/lib/python3.6/site-packages/django/db/models/query.py", line 690, in update
    rows = query.get_compiler(self.db).execute_sql(CURSOR)
  File "/home/martin/venvs/deckbuilder/lib/python3.6/site-packages/django/db/models/sql/compiler.py", line 1379, in execute_sql
    cursor = super().execute_sql(result_type)
  File "/home/martin/venvs/deckbuilder/lib/python3.6/site-packages/django/db/models/sql/compiler.py", line 1061, in execute_sql
    cursor.execute(sql, params)
  File "/home/martin/venvs/deckbuilder/lib/python3.6/site-packages/django/db/backends/utils.py", line 100, in execute
    return super().execute(sql, params)
  File "/home/martin/venvs/deckbuilder/lib/python3.6/site-packages/django/db/backends/utils.py", line 68, in execute
    return self._execute_with_wrappers(sql, params, many=False, executor=self._execute)
  File "/home/martin/venvs/deckbuilder/lib/python3.6/site-packages/django/db/backends/utils.py", line 77, in _execute_with_wrappers
    return executor(sql, params, many, context)
  File "/home/martin/venvs/deckbuilder/lib/python3.6/site-packages/django/db/backends/utils.py", line 85, in _execute
    return self.cursor.execute(sql, params)
  File "/home/martin/venvs/deckbuilder/lib/python3.6/site-packages/django/db/utils.py", line 89, in __exit__
    raise dj_exc_value.with_traceback(traceback) from exc_value
  File "/home/martin/venvs/deckbuilder/lib/python3.6/site-packages/django/db/backends/utils.py", line 85, in _execute
    return self.cursor.execute(sql, params)
  File "/home/martin/venvs/deckbuilder/lib/python3.6/site-packages/django/db/backends/sqlite3/base.py", line 296, in execute
    return Database.Cursor.execute(self, query, params)
django.db.utils.IntegrityError: UNIQUE constraint failed: card_in_deck.card_id, card_in_deck.deck_id
2018-08-26 19:13:49,309 ERROR    [1834][deckbuilder_app.views.deck_edit:73] Problem updating card 'Life Guardian'
Traceback (most recent call last):
  File "/home/martin/venvs/deckbuilder/lib/python3.6/site-packages/django/db/backends/utils.py", line 85, in _execute
    return self.cursor.execute(sql, params)
  File "/home/martin/venvs/deckbuilder/lib/python3.6/site-packages/django/db/backends/sqlite3/base.py", line 296, in execute
    return Database.Cursor.execute(self, query, params)
sqlite3.IntegrityError: UNIQUE constraint failed: card_in_deck.card_id, card_in_deck.deck_id

The above exception was the direct cause of the following exception:

Traceback (most recent call last):
  File "/home/martin/Projects/deckbuilder/deckbuilder_app/views.py", line 71, in deck_edit
    CardInDeck.objects.update(deck=deck, card=card, copies=number)
  File "/home/martin/venvs/deckbuilder/lib/python3.6/site-packages/django/db/models/manager.py", line 82, in manager_method
    return getattr(self.get_queryset(), name)(*args, **kwargs)
  File "/home/martin/venvs/deckbuilder/lib/python3.6/site-packages/django/db/models/query.py", line 690, in update
    rows = query.get_compiler(self.db).execute_sql(CURSOR)
  File "/home/martin/venvs/deckbuilder/lib/python3.6/site-packages/django/db/models/sql/compiler.py", line 1379, in execute_sql
    cursor = super().execute_sql(result_type)
  File "/home/martin/venvs/deckbuilder/lib/python3.6/site-packages/django/db/models/sql/compiler.py", line 1061, in execute_sql
    cursor.execute(sql, params)
  File "/home/martin/venvs/deckbuilder/lib/python3.6/site-packages/django/db/backends/utils.py", line 100, in execute
    return super().execute(sql, params)
  File "/home/martin/venvs/deckbuilder/lib/python3.6/site-packages/django/db/backends/utils.py", line 68, in execute
    return self._execute_with_wrappers(sql, params, many=False, executor=self._execute)
  File "/home/martin/venvs/deckbuilder/lib/python3.6/site-packages/django/db/backends/utils.py", line 77, in _execute_with_wrappers
    return executor(sql, params, many, context)
  File "/home/martin/venvs/deckbuilder/lib/python3.6/site-packages/django/db/backends/utils.py", line 85, in _execute
    return self.cursor.execute(sql, params)
  File "/home/martin/venvs/deckbuilder/lib/python3.6/site-packages/django/db/utils.py", line 89, in __exit__
    raise dj_exc_value.with_traceback(traceback) from exc_value
  File "/home/martin/venvs/deckbuilder/lib/python3.6/site-packages/django/db/backends/utils.py", line 85, in _execute
    return self.cursor.execute(sql, params)
  File "/home/martin/venvs/deckbuilder/lib/python3.6/site-packages/django/db/backends/sqlite3/base.py", line 296, in execute
    return Database.Cursor.execute(self, query, params)
django.db.utils.IntegrityError: UNIQUE constraint failed: card_in_deck.card_id, card_in_deck.deck_id
2018-08-26 19:13:49,311 ERROR    [1834][deckbuilder_app.views.deck_edit:73] Problem updating card 'Logistics Officer'
Traceback (most recent call last):
  File "/home/martin/venvs/deckbuilder/lib/python3.6/site-packages/django/db/backends/utils.py", line 85, in _execute
    return self.cursor.execute(sql, params)
  File "/home/martin/venvs/deckbuilder/lib/python3.6/site-packages/django/db/backends/sqlite3/base.py", line 296, in execute
    return Database.Cursor.execute(self, query, params)
sqlite3.IntegrityError: UNIQUE constraint failed: card_in_deck.card_id, card_in_deck.deck_id

The above exception was the direct cause of the following exception:

Traceback (most recent call last):
  File "/home/martin/Projects/deckbuilder/deckbuilder_app/views.py", line 71, in deck_edit
    CardInDeck.objects.update(deck=deck, card=card, copies=number)
  File "/home/martin/venvs/deckbuilder/lib/python3.6/site-packages/django/db/models/manager.py", line 82, in manager_method
    return getattr(self.get_queryset(), name)(*args, **kwargs)
  File "/home/martin/venvs/deckbuilder/lib/python3.6/site-packages/django/db/models/query.py", line 690, in update
    rows = query.get_compiler(self.db).execute_sql(CURSOR)
  File "/home/martin/venvs/deckbuilder/lib/python3.6/site-packages/django/db/models/sql/compiler.py", line 1379, in execute_sql
    cursor = super().execute_sql(result_type)
  File "/home/martin/venvs/deckbuilder/lib/python3.6/site-packages/django/db/models/sql/compiler.py", line 1061, in execute_sql
    cursor.execute(sql, params)
  File "/home/martin/venvs/deckbuilder/lib/python3.6/site-packages/django/db/backends/utils.py", line 100, in execute
    return super().execute(sql, params)
  File "/home/martin/venvs/deckbuilder/lib/python3.6/site-packages/django/db/backends/utils.py", line 68, in execute
    return self._execute_with_wrappers(sql, params, many=False, executor=self._execute)
  File "/home/martin/venvs/deckbuilder/lib/python3.6/site-packages/django/db/backends/utils.py", line 77, in _execute_with_wrappers
    return executor(sql, params, many, context)
  File "/home/martin/venvs/deckbuilder/lib/python3.6/site-packages/django/db/backends/utils.py", line 85, in _execute
    return self.cursor.execute(sql, params)
  File "/home/martin/venvs/deckbuilder/lib/python3.6/site-packages/django/db/utils.py", line 89, in __exit__
    raise dj_exc_value.with_traceback(traceback) from exc_value
  File "/home/martin/venvs/deckbuilder/lib/python3.6/site-packages/django/db/backends/utils.py", line 85, in _execute
    return self.cursor.execute(sql, params)
  File "/home/martin/venvs/deckbuilder/lib/python3.6/site-packages/django/db/backends/sqlite3/base.py", line 296, in execute
    return Database.Cursor.execute(self, query, params)
django.db.utils.IntegrityError: UNIQUE constraint failed: card_in_deck.card_id, card_in_deck.deck_id
2018-08-26 19:13:49,318 ERROR    [1834][deckbuilder_app.views.deck_edit:73] Problem updating card 'Caroline, Holy Lance'
Traceback (most recent call last):
  File "/home/martin/venvs/deckbuilder/lib/python3.6/site-packages/django/db/backends/utils.py", line 85, in _execute
    return self.cursor.execute(sql, params)
  File "/home/martin/venvs/deckbuilder/lib/python3.6/site-packages/django/db/backends/sqlite3/base.py", line 296, in execute
    return Database.Cursor.execute(self, query, params)
sqlite3.IntegrityError: UNIQUE constraint failed: card_in_deck.card_id, card_in_deck.deck_id

The above exception was the direct cause of the following exception:

Traceback (most recent call last):
  File "/home/martin/Projects/deckbuilder/deckbuilder_app/views.py", line 71, in deck_edit
    CardInDeck.objects.update(deck=deck, card=card, copies=number)
  File "/home/martin/venvs/deckbuilder/lib/python3.6/site-packages/django/db/models/manager.py", line 82, in manager_method
    return getattr(self.get_queryset(), name)(*args, **kwargs)
  File "/home/martin/venvs/deckbuilder/lib/python3.6/site-packages/django/db/models/query.py", line 690, in update
    rows = query.get_compiler(self.db).execute_sql(CURSOR)
  File "/home/martin/venvs/deckbuilder/lib/python3.6/site-packages/django/db/models/sql/compiler.py", line 1379, in execute_sql
    cursor = super().execute_sql(result_type)
  File "/home/martin/venvs/deckbuilder/lib/python3.6/site-packages/django/db/models/sql/compiler.py", line 1061, in execute_sql
    cursor.execute(sql, params)
  File "/home/martin/venvs/deckbuilder/lib/python3.6/site-packages/django/db/backends/utils.py", line 100, in execute
    return super().execute(sql, params)
  File "/home/martin/venvs/deckbuilder/lib/python3.6/site-packages/django/db/backends/utils.py", line 68, in execute
    return self._execute_with_wrappers(sql, params, many=False, executor=self._execute)
  File "/home/martin/venvs/deckbuilder/lib/python3.6/site-packages/django/db/backends/utils.py", line 77, in _execute_with_wrappers
    return executor(sql, params, many, context)
  File "/home/martin/venvs/deckbuilder/lib/python3.6/site-packages/django/db/backends/utils.py", line 85, in _execute
    return self.cursor.execute(sql, params)
  File "/home/martin/venvs/deckbuilder/lib/python3.6/site-packages/django/db/utils.py", line 89, in __exit__
    raise dj_exc_value.with_traceback(traceback) from exc_value
  File "/home/martin/venvs/deckbuilder/lib/python3.6/site-packages/django/db/backends/utils.py", line 85, in _execute
    return self.cursor.execute(sql, params)
  File "/home/martin/venvs/deckbuilder/lib/python3.6/site-packages/django/db/backends/sqlite3/base.py", line 296, in execute
    return Database.Cursor.execute(self, query, params)
django.db.utils.IntegrityError: UNIQUE constraint failed: card_in_deck.card_id, card_in_deck.deck_id
2018-08-26 19:13:49,320 ERROR    [1834][deckbuilder_app.views.deck_edit:73] Problem updating card 'Janissary Commander'
Traceback (most recent call last):
  File "/home/martin/venvs/deckbuilder/lib/python3.6/site-packages/django/db/backends/utils.py", line 85, in _execute
    return self.cursor.execute(sql, params)
  File "/home/martin/venvs/deckbuilder/lib/python3.6/site-packages/django/db/backends/sqlite3/base.py", line 296, in execute
    return Database.Cursor.execute(self, query, params)
sqlite3.IntegrityError: UNIQUE constraint failed: card_in_deck.card_id, card_in_deck.deck_id

The above exception was the direct cause of the following exception:

Traceback (most recent call last):
  File "/home/martin/Projects/deckbuilder/deckbuilder_app/views.py", line 71, in deck_edit
    CardInDeck.objects.update(deck=deck, card=card, copies=number)
  File "/home/martin/venvs/deckbuilder/lib/python3.6/site-packages/django/db/models/manager.py", line 82, in manager_method
    return getattr(self.get_queryset(), name)(*args, **kwargs)
  File "/home/martin/venvs/deckbuilder/lib/python3.6/site-packages/django/db/models/query.py", line 690, in update
    rows = query.get_compiler(self.db).execute_sql(CURSOR)
  File "/home/martin/venvs/deckbuilder/lib/python3.6/site-packages/django/db/models/sql/compiler.py", line 1379, in execute_sql
    cursor = super().execute_sql(result_type)
  File "/home/martin/venvs/deckbuilder/lib/python3.6/site-packages/django/db/models/sql/compiler.py", line 1061, in execute_sql
    cursor.execute(sql, params)
  File "/home/martin/venvs/deckbuilder/lib/python3.6/site-packages/django/db/backends/utils.py", line 100, in execute
    return super().execute(sql, params)
  File "/home/martin/venvs/deckbuilder/lib/python3.6/site-packages/django/db/backends/utils.py", line 68, in execute
    return self._execute_with_wrappers(sql, params, many=False, executor=self._execute)
  File "/home/martin/venvs/deckbuilder/lib/python3.6/site-packages/django/db/backends/utils.py", line 77, in _execute_with_wrappers
    return executor(sql, params, many, context)
  File "/home/martin/venvs/deckbuilder/lib/python3.6/site-packages/django/db/backends/utils.py", line 85, in _execute
    return self.cursor.execute(sql, params)
  File "/home/martin/venvs/deckbuilder/lib/python3.6/site-packages/django/db/utils.py", line 89, in __exit__
    raise dj_exc_value.with_traceback(traceback) from exc_value
  File "/home/martin/venvs/deckbuilder/lib/python3.6/site-packages/django/db/backends/utils.py", line 85, in _execute
    return self.cursor.execute(sql, params)
  File "/home/martin/venvs/deckbuilder/lib/python3.6/site-packages/django/db/backends/sqlite3/base.py", line 296, in execute
    return Database.Cursor.execute(self, query, params)
django.db.utils.IntegrityError: UNIQUE constraint failed: card_in_deck.card_id, card_in_deck.deck_id
2018-08-26 19:13:49,321 ERROR    [1834][deckbuilder_app.views.deck_edit:73] Problem updating card 'Cull'
Traceback (most recent call last):
  File "/home/martin/venvs/deckbuilder/lib/python3.6/site-packages/django/db/backends/utils.py", line 85, in _execute
    return self.cursor.execute(sql, params)
  File "/home/martin/venvs/deckbuilder/lib/python3.6/site-packages/django/db/backends/sqlite3/base.py", line 296, in execute
    return Database.Cursor.execute(self, query, params)
sqlite3.IntegrityError: UNIQUE constraint failed: card_in_deck.card_id, card_in_deck.deck_id

The above exception was the direct cause of the following exception:

Traceback (most recent call last):
  File "/home/martin/Projects/deckbuilder/deckbuilder_app/views.py", line 71, in deck_edit
    CardInDeck.objects.update(deck=deck, card=card, copies=number)
  File "/home/martin/venvs/deckbuilder/lib/python3.6/site-packages/django/db/models/manager.py", line 82, in manager_method
    return getattr(self.get_queryset(), name)(*args, **kwargs)
  File "/home/martin/venvs/deckbuilder/lib/python3.6/site-packages/django/db/models/query.py", line 690, in update
    rows = query.get_compiler(self.db).execute_sql(CURSOR)
  File "/home/martin/venvs/deckbuilder/lib/python3.6/site-packages/django/db/models/sql/compiler.py", line 1379, in execute_sql
    cursor = super().execute_sql(result_type)
  File "/home/martin/venvs/deckbuilder/lib/python3.6/site-packages/django/db/models/sql/compiler.py", line 1061, in execute_sql
    cursor.execute(sql, params)
  File "/home/martin/venvs/deckbuilder/lib/python3.6/site-packages/django/db/backends/utils.py", line 100, in execute
    return super().execute(sql, params)
  File "/home/martin/venvs/deckbuilder/lib/python3.6/site-packages/django/db/backends/utils.py", line 68, in execute
    return self._execute_with_wrappers(sql, params, many=False, executor=self._execute)
  File "/home/martin/venvs/deckbuilder/lib/python3.6/site-packages/django/db/backends/utils.py", line 77, in _execute_with_wrappers
    return executor(sql, params, many, context)
  File "/home/martin/venvs/deckbuilder/lib/python3.6/site-packages/django/db/backends/utils.py", line 85, in _execute
    return self.cursor.execute(sql, params)
  File "/home/martin/venvs/deckbuilder/lib/python3.6/site-packages/django/db/utils.py", line 89, in __exit__
    raise dj_exc_value.with_traceback(traceback) from exc_value
  File "/home/martin/venvs/deckbuilder/lib/python3.6/site-packages/django/db/backends/utils.py", line 85, in _execute
    return self.cursor.execute(sql, params)
  File "/home/martin/venvs/deckbuilder/lib/python3.6/site-packages/django/db/backends/sqlite3/base.py", line 296, in execute
    return Database.Cursor.execute(self, query, params)
django.db.utils.IntegrityError: UNIQUE constraint failed: card_in_deck.card_id, card_in_deck.deck_id
2018-08-26 19:13:49,323 ERROR    [1834][deckbuilder_app.views.deck_edit:73] Problem updating card 'Prime of Life'
Traceback (most recent call last):
  File "/home/martin/venvs/deckbuilder/lib/python3.6/site-packages/django/db/backends/utils.py", line 85, in _execute
    return self.cursor.execute(sql, params)
  File "/home/martin/venvs/deckbuilder/lib/python3.6/site-packages/django/db/backends/sqlite3/base.py", line 296, in execute
    return Database.Cursor.execute(self, query, params)
sqlite3.IntegrityError: UNIQUE constraint failed: card_in_deck.card_id, card_in_deck.deck_id

The above exception was the direct cause of the following exception:

Traceback (most recent call last):
  File "/home/martin/Projects/deckbuilder/deckbuilder_app/views.py", line 71, in deck_edit
    CardInDeck.objects.update(deck=deck, card=card, copies=number)
  File "/home/martin/venvs/deckbuilder/lib/python3.6/site-packages/django/db/models/manager.py", line 82, in manager_method
    return getattr(self.get_queryset(), name)(*args, **kwargs)
  File "/home/martin/venvs/deckbuilder/lib/python3.6/site-packages/django/db/models/query.py", line 690, in update
    rows = query.get_compiler(self.db).execute_sql(CURSOR)
  File "/home/martin/venvs/deckbuilder/lib/python3.6/site-packages/django/db/models/sql/compiler.py", line 1379, in execute_sql
    cursor = super().execute_sql(result_type)
  File "/home/martin/venvs/deckbuilder/lib/python3.6/site-packages/django/db/models/sql/compiler.py", line 1061, in execute_sql
    cursor.execute(sql, params)
  File "/home/martin/venvs/deckbuilder/lib/python3.6/site-packages/django/db/backends/utils.py", line 100, in execute
    return super().execute(sql, params)
  File "/home/martin/venvs/deckbuilder/lib/python3.6/site-packages/django/db/backends/utils.py", line 68, in execute
    return self._execute_with_wrappers(sql, params, many=False, executor=self._execute)
  File "/home/martin/venvs/deckbuilder/lib/python3.6/site-packages/django/db/backends/utils.py", line 77, in _execute_with_wrappers
    return executor(sql, params, many, context)
  File "/home/martin/venvs/deckbuilder/lib/python3.6/site-packages/django/db/backends/utils.py", line 85, in _execute
    return self.cursor.execute(sql, params)
  File "/home/martin/venvs/deckbuilder/lib/python3.6/site-packages/django/db/utils.py", line 89, in __exit__
    raise dj_exc_value.with_traceback(traceback) from exc_value
  File "/home/martin/venvs/deckbuilder/lib/python3.6/site-packages/django/db/backends/utils.py", line 85, in _execute
    return self.cursor.execute(sql, params)
  File "/home/martin/venvs/deckbuilder/lib/python3.6/site-packages/django/db/backends/sqlite3/base.py", line 296, in execute
    return Database.Cursor.execute(self, query, params)
django.db.utils.IntegrityError: UNIQUE constraint failed: card_in_deck.card_id, card_in_deck.deck_id
2018-08-26 19:13:49,326 ERROR    [1834][deckbuilder_app.views.deck_edit:73] Problem updating card 'Zax Commander'
Traceback (most recent call last):
  File "/home/martin/venvs/deckbuilder/lib/python3.6/site-packages/django/db/backends/utils.py", line 85, in _execute
    return self.cursor.execute(sql, params)
  File "/home/martin/venvs/deckbuilder/lib/python3.6/site-packages/django/db/backends/sqlite3/base.py", line 296, in execute
    return Database.Cursor.execute(self, query, params)
sqlite3.IntegrityError: UNIQUE constraint failed: card_in_deck.card_id, card_in_deck.deck_id

The above exception was the direct cause of the following exception:

Traceback (most recent call last):
  File "/home/martin/Projects/deckbuilder/deckbuilder_app/views.py", line 71, in deck_edit
    CardInDeck.objects.update(deck=deck, card=card, copies=number)
  File "/home/martin/venvs/deckbuilder/lib/python3.6/site-packages/django/db/models/manager.py", line 82, in manager_method
    return getattr(self.get_queryset(), name)(*args, **kwargs)
  File "/home/martin/venvs/deckbuilder/lib/python3.6/site-packages/django/db/models/query.py", line 690, in update
    rows = query.get_compiler(self.db).execute_sql(CURSOR)
  File "/home/martin/venvs/deckbuilder/lib/python3.6/site-packages/django/db/models/sql/compiler.py", line 1379, in execute_sql
    cursor = super().execute_sql(result_type)
  File "/home/martin/venvs/deckbuilder/lib/python3.6/site-packages/django/db/models/sql/compiler.py", line 1061, in execute_sql
    cursor.execute(sql, params)
  File "/home/martin/venvs/deckbuilder/lib/python3.6/site-packages/django/db/backends/utils.py", line 100, in execute
    return super().execute(sql, params)
  File "/home/martin/venvs/deckbuilder/lib/python3.6/site-packages/django/db/backends/utils.py", line 68, in execute
    return self._execute_with_wrappers(sql, params, many=False, executor=self._execute)
  File "/home/martin/venvs/deckbuilder/lib/python3.6/site-packages/django/db/backends/utils.py", line 77, in _execute_with_wrappers
    return executor(sql, params, many, context)
  File "/home/martin/venvs/deckbuilder/lib/python3.6/site-packages/django/db/backends/utils.py", line 85, in _execute
    return self.cursor.execute(sql, params)
  File "/home/martin/venvs/deckbuilder/lib/python3.6/site-packages/django/db/utils.py", line 89, in __exit__
    raise dj_exc_value.with_traceback(traceback) from exc_value
  File "/home/martin/venvs/deckbuilder/lib/python3.6/site-packages/django/db/backends/utils.py", line 85, in _execute
    return self.cursor.execute(sql, params)
  File "/home/martin/venvs/deckbuilder/lib/python3.6/site-packages/django/db/backends/sqlite3/base.py", line 296, in execute
    return Database.Cursor.execute(self, query, params)
django.db.utils.IntegrityError: UNIQUE constraint failed: card_in_deck.card_id, card_in_deck.deck_id
2018-08-26 19:13:49,340 ERROR    [1834][deckbuilder_app.views.deck_edit:73] Problem updating card 'Light's Retribution'
Traceback (most recent call last):
  File "/home/martin/venvs/deckbuilder/lib/python3.6/site-packages/django/db/backends/utils.py", line 85, in _execute
    return self.cursor.execute(sql, params)
  File "/home/martin/venvs/deckbuilder/lib/python3.6/site-packages/django/db/backends/sqlite3/base.py", line 296, in execute
    return Database.Cursor.execute(self, query, params)
sqlite3.IntegrityError: UNIQUE constraint failed: card_in_deck.card_id, card_in_deck.deck_id

The above exception was the direct cause of the following exception:

Traceback (most recent call last):
  File "/home/martin/Projects/deckbuilder/deckbuilder_app/views.py", line 71, in deck_edit
    CardInDeck.objects.update(deck=deck, card=card, copies=number)
  File "/home/martin/venvs/deckbuilder/lib/python3.6/site-packages/django/db/models/manager.py", line 82, in manager_method
    return getattr(self.get_queryset(), name)(*args, **kwargs)
  File "/home/martin/venvs/deckbuilder/lib/python3.6/site-packages/django/db/models/query.py", line 690, in update
    rows = query.get_compiler(self.db).execute_sql(CURSOR)
  File "/home/martin/venvs/deckbuilder/lib/python3.6/site-packages/django/db/models/sql/compiler.py", line 1379, in execute_sql
    cursor = super().execute_sql(result_type)
  File "/home/martin/venvs/deckbuilder/lib/python3.6/site-packages/django/db/models/sql/compiler.py", line 1061, in execute_sql
    cursor.execute(sql, params)
  File "/home/martin/venvs/deckbuilder/lib/python3.6/site-packages/django/db/backends/utils.py", line 100, in execute
    return super().execute(sql, params)
  File "/home/martin/venvs/deckbuilder/lib/python3.6/site-packages/django/db/backends/utils.py", line 68, in execute
    return self._execute_with_wrappers(sql, params, many=False, executor=self._execute)
  File "/home/martin/venvs/deckbuilder/lib/python3.6/site-packages/django/db/backends/utils.py", line 77, in _execute_with_wrappers
    return executor(sql, params, many, context)
  File "/home/martin/venvs/deckbuilder/lib/python3.6/site-packages/django/db/backends/utils.py", line 85, in _execute
    return self.cursor.execute(sql, params)
  File "/home/martin/venvs/deckbuilder/lib/python3.6/site-packages/django/db/utils.py", line 89, in __exit__
    raise dj_exc_value.with_traceback(traceback) from exc_value
  File "/home/martin/venvs/deckbuilder/lib/python3.6/site-packages/django/db/backends/utils.py", line 85, in _execute
    return self.cursor.execute(sql, params)
  File "/home/martin/venvs/deckbuilder/lib/python3.6/site-packages/django/db/backends/sqlite3/base.py", line 296, in execute
    return Database.Cursor.execute(self, query, params)
django.db.utils.IntegrityError: UNIQUE constraint failed: card_in_deck.card_id, card_in_deck.deck_id
2018-08-26 19:13:49,344 ERROR    [1834][deckbuilder_app.views.deck_edit:73] Problem updating card 'Retribution Angel'
Traceback (most recent call last):
  File "/home/martin/venvs/deckbuilder/lib/python3.6/site-packages/django/db/backends/utils.py", line 85, in _execute
    return self.cursor.execute(sql, params)
  File "/home/martin/venvs/deckbuilder/lib/python3.6/site-packages/django/db/backends/sqlite3/base.py", line 296, in execute
    return Database.Cursor.execute(self, query, params)
sqlite3.IntegrityError: UNIQUE constraint failed: card_in_deck.card_id, card_in_deck.deck_id

The above exception was the direct cause of the following exception:

Traceback (most recent call last):
  File "/home/martin/Projects/deckbuilder/deckbuilder_app/views.py", line 71, in deck_edit
    CardInDeck.objects.update(deck=deck, card=card, copies=number)
  File "/home/martin/venvs/deckbuilder/lib/python3.6/site-packages/django/db/models/manager.py", line 82, in manager_method
    return getattr(self.get_queryset(), name)(*args, **kwargs)
  File "/home/martin/venvs/deckbuilder/lib/python3.6/site-packages/django/db/models/query.py", line 690, in update
    rows = query.get_compiler(self.db).execute_sql(CURSOR)
  File "/home/martin/venvs/deckbuilder/lib/python3.6/site-packages/django/db/models/sql/compiler.py", line 1379, in execute_sql
    cursor = super().execute_sql(result_type)
  File "/home/martin/venvs/deckbuilder/lib/python3.6/site-packages/django/db/models/sql/compiler.py", line 1061, in execute_sql
    cursor.execute(sql, params)
  File "/home/martin/venvs/deckbuilder/lib/python3.6/site-packages/django/db/backends/utils.py", line 100, in execute
    return super().execute(sql, params)
  File "/home/martin/venvs/deckbuilder/lib/python3.6/site-packages/django/db/backends/utils.py", line 68, in execute
    return self._execute_with_wrappers(sql, params, many=False, executor=self._execute)
  File "/home/martin/venvs/deckbuilder/lib/python3.6/site-packages/django/db/backends/utils.py", line 77, in _execute_with_wrappers
    return executor(sql, params, many, context)
  File "/home/martin/venvs/deckbuilder/lib/python3.6/site-packages/django/db/backends/utils.py", line 85, in _execute
    return self.cursor.execute(sql, params)
  File "/home/martin/venvs/deckbuilder/lib/python3.6/site-packages/django/db/utils.py", line 89, in __exit__
    raise dj_exc_value.with_traceback(traceback) from exc_value
  File "/home/martin/venvs/deckbuilder/lib/python3.6/site-packages/django/db/backends/utils.py", line 85, in _execute
    return self.cursor.execute(sql, params)
  File "/home/martin/venvs/deckbuilder/lib/python3.6/site-packages/django/db/backends/sqlite3/base.py", line 296, in execute
    return Database.Cursor.execute(self, query, params)
django.db.utils.IntegrityError: UNIQUE constraint failed: card_in_deck.card_id, card_in_deck.deck_id
2018-08-26 19:15:11,094 INFO     [2020][deckbuilder_app.views.deck_edit:47] Updating deck 'Badgers' id 2
2018-08-26 19:15:11,099 ERROR    [2020][deckbuilder_app.views.deck_edit:73] Problem updating card 'Unstoppable'
Traceback (most recent call last):
  File "/home/martin/Projects/deckbuilder/deckbuilder_app/views.py", line 71, in deck_edit
    CardInDeck.objects.get(deck=deck, card=card).update(copies=number)
AttributeError: 'CardInDeck' object has no attribute 'update'
2018-08-26 19:15:11,106 ERROR    [2020][deckbuilder_app.views.deck_edit:73] Problem updating card 'Roughrock Pangolin'
Traceback (most recent call last):
  File "/home/martin/Projects/deckbuilder/deckbuilder_app/views.py", line 71, in deck_edit
    CardInDeck.objects.get(deck=deck, card=card).update(copies=number)
AttributeError: 'CardInDeck' object has no attribute 'update'
2018-08-26 19:15:11,112 ERROR    [2020][deckbuilder_app.views.deck_edit:73] Problem updating card 'Fortification'
Traceback (most recent call last):
  File "/home/martin/Projects/deckbuilder/deckbuilder_app/views.py", line 71, in deck_edit
    CardInDeck.objects.get(deck=deck, card=card).update(copies=number)
AttributeError: 'CardInDeck' object has no attribute 'update'
2018-08-26 19:15:11,118 ERROR    [2020][deckbuilder_app.views.deck_edit:73] Problem updating card 'Burrow Badger'
Traceback (most recent call last):
  File "/home/martin/Projects/deckbuilder/deckbuilder_app/views.py", line 71, in deck_edit
    CardInDeck.objects.get(deck=deck, card=card).update(copies=number)
AttributeError: 'CardInDeck' object has no attribute 'update'
2018-08-26 19:15:11,120 ERROR    [2020][deckbuilder_app.views.deck_edit:73] Problem updating card 'Life Guardian'
Traceback (most recent call last):
  File "/home/martin/Projects/deckbuilder/deckbuilder_app/views.py", line 71, in deck_edit
    CardInDeck.objects.get(deck=deck, card=card).update(copies=number)
AttributeError: 'CardInDeck' object has no attribute 'update'
2018-08-26 19:15:11,124 ERROR    [2020][deckbuilder_app.views.deck_edit:73] Problem updating card 'Logistics Officer'
Traceback (most recent call last):
  File "/home/martin/Projects/deckbuilder/deckbuilder_app/views.py", line 71, in deck_edit
    CardInDeck.objects.get(deck=deck, card=card).update(copies=number)
AttributeError: 'CardInDeck' object has no attribute 'update'
2018-08-26 19:15:11,128 ERROR    [2020][deckbuilder_app.views.deck_edit:73] Problem updating card 'Caroline, Holy Lance'
Traceback (most recent call last):
  File "/home/martin/Projects/deckbuilder/deckbuilder_app/views.py", line 71, in deck_edit
    CardInDeck.objects.get(deck=deck, card=card).update(copies=number)
AttributeError: 'CardInDeck' object has no attribute 'update'
2018-08-26 19:15:11,133 ERROR    [2020][deckbuilder_app.views.deck_edit:73] Problem updating card 'Janissary Commander'
Traceback (most recent call last):
  File "/home/martin/Projects/deckbuilder/deckbuilder_app/views.py", line 71, in deck_edit
    CardInDeck.objects.get(deck=deck, card=card).update(copies=number)
AttributeError: 'CardInDeck' object has no attribute 'update'
2018-08-26 19:15:11,136 ERROR    [2020][deckbuilder_app.views.deck_edit:73] Problem updating card 'Cull'
Traceback (most recent call last):
  File "/home/martin/Projects/deckbuilder/deckbuilder_app/views.py", line 71, in deck_edit
    CardInDeck.objects.get(deck=deck, card=card).update(copies=number)
AttributeError: 'CardInDeck' object has no attribute 'update'
2018-08-26 19:15:11,139 ERROR    [2020][deckbuilder_app.views.deck_edit:73] Problem updating card 'Prime of Life'
Traceback (most recent call last):
  File "/home/martin/Projects/deckbuilder/deckbuilder_app/views.py", line 71, in deck_edit
    CardInDeck.objects.get(deck=deck, card=card).update(copies=number)
AttributeError: 'CardInDeck' object has no attribute 'update'
2018-08-26 19:15:11,144 ERROR    [2020][deckbuilder_app.views.deck_edit:73] Problem updating card 'Zax Commander'
Traceback (most recent call last):
  File "/home/martin/Projects/deckbuilder/deckbuilder_app/views.py", line 71, in deck_edit
    CardInDeck.objects.get(deck=deck, card=card).update(copies=number)
AttributeError: 'CardInDeck' object has no attribute 'update'
2018-08-26 19:15:11,148 ERROR    [2020][deckbuilder_app.views.deck_edit:73] Problem updating card 'Light's Retribution'
Traceback (most recent call last):
  File "/home/martin/Projects/deckbuilder/deckbuilder_app/views.py", line 71, in deck_edit
    CardInDeck.objects.get(deck=deck, card=card).update(copies=number)
AttributeError: 'CardInDeck' object has no attribute 'update'
2018-08-26 19:15:11,152 ERROR    [2020][deckbuilder_app.views.deck_edit:73] Problem updating card 'Retribution Angel'
Traceback (most recent call last):
  File "/home/martin/Projects/deckbuilder/deckbuilder_app/views.py", line 71, in deck_edit
    CardInDeck.objects.get(deck=deck, card=card).update(copies=number)
AttributeError: 'CardInDeck' object has no attribute 'update'
2018-08-26 19:15:35,614 INFO     [2113][deckbuilder_app.views.deck_edit:47] Updating deck 'Badgers' id 2
2018-08-26 19:18:43,901 INFO     [2523][deckbuilder_app.views.deck_edit:47] Updating deck 'Badgers' id 2
2018-08-26 19:18:43,903 INFO     [2523][deckbuilder_app.views.deck_edit:59] Removed cards: set()
2018-08-26 19:18:43,903 INFO     [2523][deckbuilder_app.views.deck_edit:60] Added cards: {'Power-charge Archer', 'Shaman of Madness'}
2018-08-26 19:18:43,906 INFO     [2523][deckbuilder_app.views.deck_edit:75] Updating copies of 'Unstoppable' from 1 to 2
2018-08-26 19:18:43,917 INFO     [2523][deckbuilder_app.views.deck_edit:75] Updating copies of 'Roughrock Pangolin' from 0 to 3
2018-08-26 19:18:43,945 INFO     [2523][deckbuilder_app.views.deck_edit:75] Updating copies of 'Cull' from 1 to 0
2018-08-26 19:18:43,956 INFO     [2523][deckbuilder_app.views.deck_edit:75] Updating copies of 'Prime of Life' from 3 to 2
2018-08-26 19:18:43,974 ERROR    [2523][deckbuilder_app.views.deck_edit:79] Problem updating card 'Power-charge Archer'
Traceback (most recent call last):
  File "/home/martin/Projects/deckbuilder/deckbuilder_app/views.py", line 73, in deck_edit
    card_in_deck = CardInDeck.objects.get(deck=deck, card=card)
  File "/home/martin/venvs/deckbuilder/lib/python3.6/site-packages/django/db/models/manager.py", line 82, in manager_method
    return getattr(self.get_queryset(), name)(*args, **kwargs)
  File "/home/martin/venvs/deckbuilder/lib/python3.6/site-packages/django/db/models/query.py", line 399, in get
    self.model._meta.object_name
deckbuilder_app.models.CardInDeck.DoesNotExist: CardInDeck matching query does not exist.
2018-08-26 19:18:43,977 ERROR    [2523][deckbuilder_app.views.deck_edit:79] Problem updating card 'Shaman of Madness'
Traceback (most recent call last):
  File "/home/martin/Projects/deckbuilder/deckbuilder_app/views.py", line 73, in deck_edit
    card_in_deck = CardInDeck.objects.get(deck=deck, card=card)
  File "/home/martin/venvs/deckbuilder/lib/python3.6/site-packages/django/db/models/manager.py", line 82, in manager_method
    return getattr(self.get_queryset(), name)(*args, **kwargs)
  File "/home/martin/venvs/deckbuilder/lib/python3.6/site-packages/django/db/models/query.py", line 399, in get
    self.model._meta.object_name
deckbuilder_app.models.CardInDeck.DoesNotExist: CardInDeck matching query does not exist.
2018-08-26 19:20:39,134 INFO     [2785][deckbuilder_app.views.deck_edit:47] Updating deck 'Badgers' id 2
2018-08-26 19:20:39,135 INFO     [2785][deckbuilder_app.views.deck_edit:56] Updated cards: dict_keys(['Unstoppable', 'Roughrock Pangolin', 'Fortification', 'Burrow Badger', 'Life Guardian', 'Logistics Officer', 'Caroline, Holy Lance', 'Janissary Commander', 'Cull', 'Prime of Life', 'Zax Commander', "Light's Retribution", 'Retribution Angel'])
2018-08-26 19:20:39,136 INFO     [2785][deckbuilder_app.views.deck_edit:60] Removed cards: set()
2018-08-26 19:20:39,136 INFO     [2785][deckbuilder_app.views.deck_edit:61] Added cards: set()
2018-08-26 19:20:39,145 INFO     [2785][deckbuilder_app.views.deck_edit:76] Updating copies of 'Fortification' from 3 to 2
2018-08-26 19:20:39,156 INFO     [2785][deckbuilder_app.views.deck_edit:76] Updating copies of 'Burrow Badger' from 2 to 0
2018-08-26 19:20:39,185 INFO     [2785][deckbuilder_app.views.deck_edit:76] Updating copies of 'Zax Commander' from 1 to 3
2018-08-26 19:21:38,777 INFO     [2888][deckbuilder_app.views.deck_edit:47] Updating deck 'Badgers' id 2
2018-08-26 19:21:38,781 INFO     [2888][deckbuilder_app.views.deck_edit:56] Updated cards: {"Light's Retribution", 'Retribution Angel', 'Cull', 'Zax Commander', 'Prime Flamen', 'Burrow Badger', 'Janissary Commander', 'Fortification', 'Roughrock Pangolin', 'Life Guardian', 'Caroline, Holy Lance', 'Prime of Life', 'Logistics Officer', 'Unstoppable'}
2018-08-26 19:21:38,783 INFO     [2888][deckbuilder_app.views.deck_edit:60] Removed cards: set()
2018-08-26 19:21:38,783 INFO     [2888][deckbuilder_app.views.deck_edit:61] Added cards: {'Prime Flamen'}
2018-08-26 19:21:38,786 INFO     [2888][deckbuilder_app.views.deck_edit:76] Updating copies of 'Unstoppable' from 2 to 1
2018-08-26 19:21:38,797 INFO     [2888][deckbuilder_app.views.deck_edit:76] Updating copies of 'Roughrock Pangolin' from 3 to 2
2018-08-26 19:21:38,815 INFO     [2888][deckbuilder_app.views.deck_edit:76] Updating copies of 'Life Guardian' from 3 to 2
2018-08-26 19:21:38,834 INFO     [2888][deckbuilder_app.views.deck_edit:76] Updating copies of 'Janissary Commander' from 3 to 1
2018-08-26 19:21:38,848 INFO     [2888][deckbuilder_app.views.deck_edit:76] Updating copies of 'Prime of Life' from 2 to 0
2018-08-26 19:21:38,868 ERROR    [2888][deckbuilder_app.views.deck_edit:80] Problem updating card 'Prime Flamen'
Traceback (most recent call last):
  File "/home/martin/Projects/deckbuilder/deckbuilder_app/views.py", line 74, in deck_edit
    card_in_deck = CardInDeck.objects.get(deck=deck, card=card)
  File "/home/martin/venvs/deckbuilder/lib/python3.6/site-packages/django/db/models/manager.py", line 82, in manager_method
    return getattr(self.get_queryset(), name)(*args, **kwargs)
  File "/home/martin/venvs/deckbuilder/lib/python3.6/site-packages/django/db/models/query.py", line 399, in get
    self.model._meta.object_name
deckbuilder_app.models.CardInDeck.DoesNotExist: CardInDeck matching query does not exist.
2018-08-26 19:22:35,398 INFO     [3012][deckbuilder_app.views.deck_edit:47] Updating deck 'Badgers' id 2
2018-08-26 19:22:35,399 INFO     [3012][deckbuilder_app.views.deck_edit:56] Updated cards: {'Zax Commander', 'Logistics Officer', 'Retribution Angel', 'Burrow Badger', 'Caroline, Holy Lance', 'Unstoppable', 'Cull', 'Prime of Life', "Light's Retribution", 'Life Guardian', 'Janissary Commander', 'Fortification', 'Roughrock Pangolin'}
2018-08-26 19:22:35,401 INFO     [3012][deckbuilder_app.views.deck_edit:58] Current cards: {'Zax Commander', 'Logistics Officer', 'Retribution Angel', 'Burrow Badger', 'Caroline, Holy Lance', 'Unstoppable', 'Cull', 'Prime of Life', "Light's Retribution", 'Life Guardian', 'Janissary Commander', 'Fortification', 'Roughrock Pangolin'}
2018-08-26 19:22:35,401 INFO     [3012][deckbuilder_app.views.deck_edit:61] Removed cards: set()
2018-08-26 19:22:35,401 INFO     [3012][deckbuilder_app.views.deck_edit:62] Added cards: set()
2018-08-26 19:22:35,431 INFO     [3012][deckbuilder_app.views.deck_edit:77] Updating copies of 'Prime of Life' from 0 to 2
2018-08-26 19:22:35,444 INFO     [3012][deckbuilder_app.views.deck_edit:77] Updating copies of 'Zax Commander' from 3 to 0
2018-08-26 19:22:51,726 INFO     [3012][deckbuilder_app.views.deck_edit:47] Updating deck 'Badgers' id 2
2018-08-26 19:22:51,727 INFO     [3012][deckbuilder_app.views.deck_edit:56] Updated cards: {'Zax Commander', 'Logistics Officer', 'Retribution Angel', 'Droid-Basic', 'Burrow Badger', 'Caroline, Holy Lance', 'Unstoppable', 'Cull', 'Prime of Life', "Light's Retribution", 'Life Guardian', 'Janissary Commander', 'Fortification', 'Roughrock Pangolin'}
2018-08-26 19:22:51,729 INFO     [3012][deckbuilder_app.views.deck_edit:58] Current cards: {'Zax Commander', 'Logistics Officer', 'Retribution Angel', 'Burrow Badger', 'Caroline, Holy Lance', 'Unstoppable', 'Cull', 'Prime of Life', "Light's Retribution", 'Life Guardian', 'Janissary Commander', 'Fortification', 'Roughrock Pangolin'}
2018-08-26 19:22:51,730 INFO     [3012][deckbuilder_app.views.deck_edit:61] Removed cards: set()
2018-08-26 19:22:51,730 INFO     [3012][deckbuilder_app.views.deck_edit:62] Added cards: {'Droid-Basic'}
2018-08-26 19:22:51,732 INFO     [3012][deckbuilder_app.views.deck_edit:77] Updating copies of 'Unstoppable' from 1 to 0
2018-08-26 19:22:51,745 INFO     [3012][deckbuilder_app.views.deck_edit:77] Updating copies of 'Roughrock Pangolin' from 2 to 0
2018-08-26 19:22:51,755 INFO     [3012][deckbuilder_app.views.deck_edit:77] Updating copies of 'Fortification' from 2 to 0
2018-08-26 19:22:51,765 INFO     [3012][deckbuilder_app.views.deck_edit:77] Updating copies of 'Life Guardian' from 2 to 0
2018-08-26 19:22:51,777 INFO     [3012][deckbuilder_app.views.deck_edit:77] Updating copies of 'Logistics Officer' from 3 to 0
2018-08-26 19:22:51,791 INFO     [3012][deckbuilder_app.views.deck_edit:77] Updating copies of 'Janissary Commander' from 1 to 0
2018-08-26 19:22:51,811 INFO     [3012][deckbuilder_app.views.deck_edit:77] Updating copies of 'Prime of Life' from 2 to 0
2018-08-26 19:22:51,835 ERROR    [3012][deckbuilder_app.views.deck_edit:81] Problem updating card 'Droid-Basic'
Traceback (most recent call last):
  File "/home/martin/Projects/deckbuilder/deckbuilder_app/views.py", line 75, in deck_edit
    card_in_deck = CardInDeck.objects.get(deck=deck, card=card)
  File "/home/martin/venvs/deckbuilder/lib/python3.6/site-packages/django/db/models/manager.py", line 82, in manager_method
    return getattr(self.get_queryset(), name)(*args, **kwargs)
  File "/home/martin/venvs/deckbuilder/lib/python3.6/site-packages/django/db/models/query.py", line 399, in get
    self.model._meta.object_name
deckbuilder_app.models.CardInDeck.DoesNotExist: CardInDeck matching query does not exist.
2018-08-26 19:23:44,843 INFO     [3012][deckbuilder_app.views.deck_edit:47] Updating deck 'Badgers' id 2
2018-08-26 19:23:44,843 INFO     [3012][deckbuilder_app.views.deck_edit:56] Updated cards: {'Zax Commander', 'Logistics Officer', 'Retribution Angel', 'Burrow Badger', 'Caroline, Holy Lance', 'Unstoppable', 'Cull', 'Prime of Life', "Light's Retribution", 'Life Guardian', 'Janissary Commander', 'Fortification', 'Roughrock Pangolin'}
2018-08-26 19:23:44,844 INFO     [3012][deckbuilder_app.views.deck_edit:58] Current cards: {'Zax Commander', 'Logistics Officer', 'Retribution Angel', 'Burrow Badger', 'Caroline, Holy Lance', 'Unstoppable', 'Cull', 'Prime of Life', "Light's Retribution", 'Life Guardian', 'Janissary Commander', 'Fortification', 'Roughrock Pangolin'}
2018-08-26 19:23:44,845 INFO     [3012][deckbuilder_app.views.deck_edit:61] Removed cards: set()
2018-08-26 19:23:44,845 INFO     [3012][deckbuilder_app.views.deck_edit:62] Added cards: set()
2018-08-26 19:23:44,883 INFO     [3012][deckbuilder_app.views.deck_edit:77] Updating copies of 'Retribution Angel' from 1 to 0
2018-08-26 19:24:23,447 INFO     [3012][deckbuilder_app.views.deck_edit:47] Updating deck 'Badgers' id 2
2018-08-26 19:24:23,448 INFO     [3012][deckbuilder_app.views.deck_edit:56] Updated cards: {'Zax Commander', 'Logistics Officer', 'Retribution Angel', 'Burrow Badger', 'Caroline, Holy Lance', 'Unstoppable', 'Cull', 'Prime of Life', 'Dire Puppy', "Light's Retribution", 'Life Guardian', 'Janissary Commander', 'Fortification', 'Roughrock Pangolin'}
2018-08-26 19:24:23,450 INFO     [3012][deckbuilder_app.views.deck_edit:58] Current cards: {'Zax Commander', 'Logistics Officer', 'Retribution Angel', 'Burrow Badger', 'Caroline, Holy Lance', 'Unstoppable', 'Cull', 'Prime of Life', "Light's Retribution", 'Life Guardian', 'Janissary Commander', 'Fortification', 'Roughrock Pangolin'}
2018-08-26 19:24:23,450 INFO     [3012][deckbuilder_app.views.deck_edit:61] Removed cards: set()
2018-08-26 19:24:23,450 INFO     [3012][deckbuilder_app.views.deck_edit:62] Added cards: {'Dire Puppy'}
2018-08-26 19:24:23,492 ERROR    [3012][deckbuilder_app.views.deck_edit:81] Problem updating card 'Dire Puppy'
Traceback (most recent call last):
  File "/home/martin/Projects/deckbuilder/deckbuilder_app/views.py", line 75, in deck_edit
    card_in_deck = CardInDeck.objects.get(deck=deck, card=card)
  File "/home/martin/venvs/deckbuilder/lib/python3.6/site-packages/django/db/models/manager.py", line 82, in manager_method
    return getattr(self.get_queryset(), name)(*args, **kwargs)
  File "/home/martin/venvs/deckbuilder/lib/python3.6/site-packages/django/db/models/query.py", line 399, in get
    self.model._meta.object_name
deckbuilder_app.models.CardInDeck.DoesNotExist: CardInDeck matching query does not exist.
2018-08-26 19:25:54,474 INFO     [3012][deckbuilder_app.views.new_deck:115] Create New Deck: {'name': 'Test', 'cards': {'Necromantic Augury': 3, 'Magic Matchstick': 3}}
2018-08-26 19:26:53,349 INFO     [3012][deckbuilder_app.views.deck_edit:47] Updating deck 'Test' id 8
2018-08-26 19:26:53,349 INFO     [3012][deckbuilder_app.views.deck_edit:56] Updated cards: {'Necromantic Augury', 'Droid-Basic', 'Magic Matchstick'}
2018-08-26 19:26:53,353 INFO     [3012][deckbuilder_app.views.deck_edit:58] Current cards: {'Necromantic Augury', 'Magic Matchstick'}
2018-08-26 19:26:53,353 INFO     [3012][deckbuilder_app.views.deck_edit:61] Removed cards: set()
2018-08-26 19:26:53,353 INFO     [3012][deckbuilder_app.views.deck_edit:62] Added cards: {'Droid-Basic'}
2018-08-26 19:26:53,358 INFO     [3012][deckbuilder_app.views.deck_edit:77] Updating copies of 'Necromantic Augury' from 3 to 2
2018-08-26 19:26:53,371 INFO     [3012][deckbuilder_app.views.deck_edit:77] Updating copies of 'Magic Matchstick' from 3 to 2
2018-08-26 19:26:53,383 ERROR    [3012][deckbuilder_app.views.deck_edit:81] Problem updating card 'Droid-Basic'
Traceback (most recent call last):
  File "/home/martin/Projects/deckbuilder/deckbuilder_app/views.py", line 75, in deck_edit
    card_in_deck = CardInDeck.objects.get(deck=deck, card=card)
  File "/home/martin/venvs/deckbuilder/lib/python3.6/site-packages/django/db/models/manager.py", line 82, in manager_method
    return getattr(self.get_queryset(), name)(*args, **kwargs)
  File "/home/martin/venvs/deckbuilder/lib/python3.6/site-packages/django/db/models/query.py", line 399, in get
    self.model._meta.object_name
deckbuilder_app.models.CardInDeck.DoesNotExist: CardInDeck matching query does not exist.
2018-08-26 19:30:28,067 INFO     [3762][deckbuilder_app.views.deck_edit:47] Updating deck 'Test' id 8
2018-08-26 19:31:18,555 INFO     [3762][deckbuilder_app.views.deck_edit:47] Updating deck 'Test' id 8
2018-08-26 19:31:54,316 INFO     [3925][deckbuilder_app.views.deck_edit:47] Updating deck 'Test' id 8
2018-08-26 19:31:54,319 INFO     [3925][deckbuilder_app.views.deck_edit:63] Removed cards: []
2018-08-26 19:31:54,319 INFO     [3925][deckbuilder_app.views.deck_edit:64] Added cards: {"King's Message"}
2018-08-26 19:31:54,330 INFO     [3925][deckbuilder_app.views.deck_edit:79] Updating copies of 'Necromantic Augury' from 2 to 1
2018-08-26 19:31:54,344 INFO     [3925][deckbuilder_app.views.deck_edit:79] Updating copies of 'Magic Matchstick' from 2 to 1
2018-08-26 19:31:54,358 ERROR    [3925][deckbuilder_app.views.deck_edit:83] Problem updating card 'King's Message'
Traceback (most recent call last):
  File "/home/martin/Projects/deckbuilder/deckbuilder_app/views.py", line 77, in deck_edit
    card_in_deck = CardInDeck.objects.get(deck=deck, card=card)
  File "/home/martin/venvs/deckbuilder/lib/python3.6/site-packages/django/db/models/manager.py", line 82, in manager_method
    return getattr(self.get_queryset(), name)(*args, **kwargs)
  File "/home/martin/venvs/deckbuilder/lib/python3.6/site-packages/django/db/models/query.py", line 399, in get
    self.model._meta.object_name
deckbuilder_app.models.CardInDeck.DoesNotExist: CardInDeck matching query does not exist.
2018-08-26 19:33:17,739 INFO     [4056][deckbuilder_app.views.deck_edit:47] Updating deck 'Test' id 8
2018-08-26 19:33:17,741 INFO     [4056][deckbuilder_app.views.deck_edit:63] Removed cards: ['Necromantic Augury']
2018-08-26 19:33:17,742 INFO     [4056][deckbuilder_app.views.deck_edit:64] Added cards: {'Bone Mound', 'Mind Collapser', 'Dire Puppy', 'Duplicate'}
2018-08-26 19:33:17,754 INFO     [4056][deckbuilder_app.views.deck_edit:79] Updating copies of 'Magic Matchstick' from 1 to 2
2018-08-26 19:33:32,562 INFO     [4056][deckbuilder_app.views.deck_edit:47] Updating deck 'Test' id 8
2018-08-26 19:33:32,564 INFO     [4056][deckbuilder_app.views.deck_edit:63] Removed cards: ['Magic Matchstick', 'Dire Puppy', 'Bone Mound', 'Duplicate']
2018-08-26 19:33:32,564 INFO     [4056][deckbuilder_app.views.deck_edit:64] Added cards: {'Blade of Heritage', 'Anima Seed', "King's Message", 'Fargesia Guard', 'Matchstick Girl'}
2018-08-26 19:33:32,607 INFO     [4056][deckbuilder_app.views.deck_edit:79] Updating copies of 'Mind Collapser' from 1 to 3
2018-08-26 19:33:42,218 INFO     [4056][deckbuilder_app.views.deck_edit:47] Updating deck 'Test' id 8
2018-08-26 19:33:42,219 INFO     [4056][deckbuilder_app.views.deck_edit:51] Updating name to 'Testttttttttt'
2018-08-26 19:33:42,226 INFO     [4056][deckbuilder_app.views.deck_edit:63] Removed cards: ['Fargesia Guard']
2018-08-26 19:33:42,226 INFO     [4056][deckbuilder_app.views.deck_edit:64] Added cards: set()
2018-08-26 20:07:08,727 INFO     [4315][deckbuilder_app.views.new_deck:118] Create New Deck: {'name': 'Artist 2.0', 'cards': {'Yin & Yan Symbol': 3, 'Animated Wight': 3, 'Exorcist': 1, 'Immortal Ficus': 1, 'Peripatetic Guqin Artist': 3, 'Stitch Master': 1, 'Celestial Kensai': 3, 'Sika Magi': 3, 'Winter-Veil Knight': 3, 'Skeleton Summoner': 2, 'Master of Cosmos': 1, 'Wild Board Axe': 1, 'Blood Blade of Boreas': 1}}
2018-08-26 20:08:38,520 INFO     [4315][deckbuilder_app.views.deck_edit:47] Updating deck 'Artist 2.0' id 9
2018-08-26 20:08:38,521 DEBUG    [4315][deckbuilder_app.views.deck_edit:49] Request data: {'name': 'Artist 2.0', 'cards': {'Yin & Yan Symbol': 3, 'Animated Wight': 3, 'Master of Cosmos': 1, 'Blood Blade of Boreas': 0, 'Exorcist': 1, 'Peripatetic Guqin Artist': 3, 'Stitch Master': 1, 'Wild Board Axe': 1, 'Immortal Ficus': 1, 'Celestial Kensai': 3, 'Sika Magi': 3, 'Skeleton Summoner': 2, 'Winter-Veil Knight': 3, 'Boreas, Dread Lord': 1}}
2018-08-26 20:08:38,523 INFO     [4315][deckbuilder_app.views.deck_edit:64] Removed cards: ['Blood Blade of Boreas']
2018-08-26 20:08:38,523 INFO     [4315][deckbuilder_app.views.deck_edit:65] Added cards: {'Boreas, Dread Lord'}
2018-08-26 20:19:44,417 ERROR    [7771][deckbuilder_app.scripts.create_decks.create_decks:32] Problem adding card to deck: 'Yiyun Sword-master Ren' - Card matching query does not exist.
2018-08-26 20:19:44,419 ERROR    [7771][deckbuilder_app.scripts.create_decks.create_decks:32] Problem adding card to deck: 'Dapton, Fortress' - Card matching query does not exist.
2018-08-26 20:19:44,430 ERROR    [7771][deckbuilder_app.scripts.create_decks.create_decks:32] Problem adding card to deck: 'FrozenDeep' - Card matching query does not exist.
2018-08-26 20:21:32,213 ERROR    [7948][deckbuilder_app.scripts.create_decks.create_decks:32] Problem adding card to deck: 'Yiyun Sword-master Ren' - Card matching query does not exist.
2018-08-26 20:21:32,217 ERROR    [7948][deckbuilder_app.scripts.create_decks.create_decks:32] Problem adding card to deck: 'Dapton, Fortress' - Card matching query does not exist.
2018-08-26 20:22:23,063 INFO     [8094][deckbuilder_app.scripts.create_cards.<module>:52] Created 'Adaptability'
2018-08-26 20:22:23,068 INFO     [8094][deckbuilder_app.scripts.create_cards.<module>:52] Created 'Adventurer's Gear'
2018-08-26 20:22:23,073 INFO     [8094][deckbuilder_app.scripts.create_cards.<module>:52] Created 'Beam of faith'
2018-08-26 20:22:23,083 INFO     [8094][deckbuilder_app.scripts.create_cards.<module>:52] Created 'Spearhead'
2018-08-26 20:22:23,092 INFO     [8094][deckbuilder_app.scripts.create_cards.<module>:52] Created 'Wall of Holylight'
2018-08-26 20:22:23,101 INFO     [8094][deckbuilder_app.scripts.create_cards.<module>:52] Created 'Seal of Empire'
2018-08-26 20:22:23,110 INFO     [8094][deckbuilder_app.scripts.create_cards.<module>:52] Created 'Temple Guard'
2018-08-26 20:22:23,116 INFO     [8094][deckbuilder_app.scripts.create_cards.<module>:52] Created 'Temple Vanguard'
2018-08-26 20:22:23,121 INFO     [8094][deckbuilder_app.scripts.create_cards.<module>:52] Created 'Angel Nectar'
2018-08-26 20:22:23,126 INFO     [8094][deckbuilder_app.scripts.create_cards.<module>:52] Created 'Blessing of Reyna'
2018-08-26 20:22:23,131 INFO     [8094][deckbuilder_app.scripts.create_cards.<module>:52] Created 'Holy Power'
2018-08-26 20:22:23,136 INFO     [8094][deckbuilder_app.scripts.create_cards.<module>:52] Created 'Fortification'
2018-08-26 20:22:23,145 INFO     [8094][deckbuilder_app.scripts.create_cards.<module>:52] Created 'Temple Garrison'
2018-08-26 20:22:23,155 INFO     [8094][deckbuilder_app.scripts.create_cards.<module>:52] Created 'Light of Awe'
2018-08-26 20:22:23,164 INFO     [8094][deckbuilder_app.scripts.create_cards.<module>:52] Created 'Prepare For Battle'
2018-08-26 20:22:23,173 INFO     [8094][deckbuilder_app.scripts.create_cards.<module>:52] Created 'Strong unity'
2018-08-26 20:22:23,179 INFO     [8094][deckbuilder_app.scripts.create_cards.<module>:52] Created 'Imperial Archer'
2018-08-26 20:22:23,185 INFO     [8094][deckbuilder_app.scripts.create_cards.<module>:52] Created 'Imperial Soldier'
2018-08-26 20:22:23,190 INFO     [8094][deckbuilder_app.scripts.create_cards.<module>:52] Created 'Nun'
2018-08-26 20:22:23,195 INFO     [8094][deckbuilder_app.scripts.create_cards.<module>:52] Created 'Radiant Scarecrow'
2018-08-26 20:22:23,202 INFO     [8094][deckbuilder_app.scripts.create_cards.<module>:52] Created 'Village Vagrant'
2018-08-26 20:22:23,211 INFO     [8094][deckbuilder_app.scripts.create_cards.<module>:52] Created 'Parry & Riposte'
2018-08-26 20:22:23,222 INFO     [8094][deckbuilder_app.scripts.create_cards.<module>:52] Created 'Field Worker'
2018-08-26 20:22:23,231 INFO     [8094][deckbuilder_app.scripts.create_cards.<module>:52] Created 'Security Guard'
2018-08-26 20:22:23,240 INFO     [8094][deckbuilder_app.scripts.create_cards.<module>:52] Created 'Anabel, Dawn's Light'
2018-08-26 20:22:23,245 INFO     [8094][deckbuilder_app.scripts.create_cards.<module>:52] Created 'Reinforce Battlefront'
2018-08-26 20:22:23,250 INFO     [8094][deckbuilder_app.scripts.create_cards.<module>:52] Created 'Frontier Wall'
2018-08-26 20:22:23,256 INFO     [8094][deckbuilder_app.scripts.create_cards.<module>:52] Created 'Lights of Dawn'
2018-08-26 20:22:23,261 INFO     [8094][deckbuilder_app.scripts.create_cards.<module>:52] Created 'White Robed Bishop'
2018-08-26 20:22:23,270 INFO     [8094][deckbuilder_app.scripts.create_cards.<module>:52] Created 'Empire's Vitality'
2018-08-26 20:22:23,280 INFO     [8094][deckbuilder_app.scripts.create_cards.<module>:52] Created 'Armed Force'
2018-08-26 20:22:23,290 INFO     [8094][deckbuilder_app.scripts.create_cards.<module>:52] Created 'Counter Ambush'
2018-08-26 20:22:23,299 INFO     [8094][deckbuilder_app.scripts.create_cards.<module>:52] Created 'Horn of Victory'
2018-08-26 20:22:23,308 INFO     [8094][deckbuilder_app.scripts.create_cards.<module>:52] Created 'Elite Archer'
2018-08-26 20:22:23,316 INFO     [8094][deckbuilder_app.scripts.create_cards.<module>:52] Created 'Fearless Dynamiter'
2018-08-26 20:22:23,321 INFO     [8094][deckbuilder_app.scripts.create_cards.<module>:52] Created 'Logistics Officer'
2018-08-26 20:22:23,327 INFO     [8094][deckbuilder_app.scripts.create_cards.<module>:52] Created 'Shield Janissary'
2018-08-26 20:22:23,332 INFO     [8094][deckbuilder_app.scripts.create_cards.<module>:52] Created 'Temple Knight'
2018-08-26 20:22:23,342 INFO     [8094][deckbuilder_app.scripts.create_cards.<module>:52] Created 'Temple Marksman'
2018-08-26 20:22:23,352 INFO     [8094][deckbuilder_app.scripts.create_cards.<module>:52] Created 'Holy shield Protector'
2018-08-26 20:22:23,362 INFO     [8094][deckbuilder_app.scripts.create_cards.<module>:52] Created 'Holy Smite'
2018-08-26 20:22:23,371 INFO     [8094][deckbuilder_app.scripts.create_cards.<module>:52] Created 'Ballista'
2018-08-26 20:22:23,380 INFO     [8094][deckbuilder_app.scripts.create_cards.<module>:52] Created 'Happy Dairy Cow'
2018-08-26 20:22:23,387 INFO     [8094][deckbuilder_app.scripts.create_cards.<module>:52] Created 'Protection Statue'
2018-08-26 20:22:23,393 INFO     [8094][deckbuilder_app.scripts.create_cards.<module>:52] Created 'Temple Recruit'
2018-08-26 20:22:23,399 INFO     [8094][deckbuilder_app.scripts.create_cards.<module>:52] Created 'The Empire War Flag'
2018-08-26 20:22:23,406 INFO     [8094][deckbuilder_app.scripts.create_cards.<module>:52] Created 'Kind Aunt'
2018-08-26 20:22:23,415 INFO     [8094][deckbuilder_app.scripts.create_cards.<module>:52] Created 'Militia Warrior'
2018-08-26 20:22:23,425 INFO     [8094][deckbuilder_app.scripts.create_cards.<module>:52] Created 'Caroline, Holy Lance'
2018-08-26 20:22:23,436 INFO     [8094][deckbuilder_app.scripts.create_cards.<module>:52] Created 'Hymn of Light'
2018-08-26 20:22:23,443 INFO     [8094][deckbuilder_app.scripts.create_cards.<module>:52] Created 'Janissary Commander'
2018-08-26 20:22:23,448 INFO     [8094][deckbuilder_app.scripts.create_cards.<module>:52] Created 'Lunar Priest'
2018-08-26 20:22:23,453 INFO     [8094][deckbuilder_app.scripts.create_cards.<module>:52] Created 'Archer's Ambush'
2018-08-26 20:22:23,458 INFO     [8094][deckbuilder_app.scripts.create_cards.<module>:52] Created 'Dazzling Radiance'
2018-08-26 20:22:23,464 INFO     [8094][deckbuilder_app.scripts.create_cards.<module>:52] Created 'Seize Position'
2018-08-26 20:22:23,473 INFO     [8094][deckbuilder_app.scripts.create_cards.<module>:52] Created 'Bartender'
2018-08-26 20:22:23,482 INFO     [8094][deckbuilder_app.scripts.create_cards.<module>:52] Created 'Imperial Cannon'
2018-08-26 20:22:23,492 INFO     [8094][deckbuilder_app.scripts.create_cards.<module>:52] Created 'Monk of Peace'
2018-08-26 20:22:23,502 INFO     [8094][deckbuilder_app.scripts.create_cards.<module>:52] Created 'Siege Tower'
2018-08-26 20:22:23,509 INFO     [8094][deckbuilder_app.scripts.create_cards.<module>:52] Created 'Temple Elite'
2018-08-26 20:22:23,515 INFO     [8094][deckbuilder_app.scripts.create_cards.<module>:52] Created 'The Empire Tent'
2018-08-26 20:22:23,521 INFO     [8094][deckbuilder_app.scripts.create_cards.<module>:52] Created 'Cooperation Tactic'
2018-08-26 20:22:23,526 INFO     [8094][deckbuilder_app.scripts.create_cards.<module>:52] Created 'Stoning'
2018-08-26 20:22:23,531 INFO     [8094][deckbuilder_app.scripts.create_cards.<module>:52] Created 'Bald Griffin'
2018-08-26 20:22:23,540 INFO     [8094][deckbuilder_app.scripts.create_cards.<module>:52] Created 'Cautious Hackbuteer'
2018-08-26 20:22:23,549 INFO     [8094][deckbuilder_app.scripts.create_cards.<module>:52] Created 'Militia Captain'
2018-08-26 20:22:23,558 INFO     [8094][deckbuilder_app.scripts.create_cards.<module>:52] Created 'Pumpkin Aunt'
2018-08-26 20:22:23,568 INFO     [8094][deckbuilder_app.scripts.create_cards.<module>:52] Created 'Sanctuary Keeper'
2018-08-26 20:22:23,575 INFO     [8094][deckbuilder_app.scripts.create_cards.<module>:52] Created 'Vanguard Cavalry'
2018-08-26 20:22:23,581 INFO     [8094][deckbuilder_app.scripts.create_cards.<module>:52] Created 'Village Taskmaster'
2018-08-26 20:22:23,586 INFO     [8094][deckbuilder_app.scripts.create_cards.<module>:52] Created 'Young Cleric'
2018-08-26 20:22:23,592 INFO     [8094][deckbuilder_app.scripts.create_cards.<module>:52] Created 'Fat Guardsman'
2018-08-26 20:22:23,600 INFO     [8094][deckbuilder_app.scripts.create_cards.<module>:52] Created 'Reinhardt, Militant'
2018-08-26 20:22:23,609 INFO     [8094][deckbuilder_app.scripts.create_cards.<module>:52] Created 'Imperial Armor Master'
2018-08-26 20:22:23,618 INFO     [8094][deckbuilder_app.scripts.create_cards.<module>:52] Created 'Royal Archer'
2018-08-26 20:22:23,627 INFO     [8094][deckbuilder_app.scripts.create_cards.<module>:52] Created 'Countryside Defense'
2018-08-26 20:22:23,638 INFO     [8094][deckbuilder_app.scripts.create_cards.<module>:52] Created 'Light's Retribution'
2018-08-26 20:22:23,645 INFO     [8094][deckbuilder_app.scripts.create_cards.<module>:52] Created 'Battlefield Priest'
2018-08-26 20:22:23,650 INFO     [8094][deckbuilder_app.scripts.create_cards.<module>:52] Created 'Imperial Cuirassier'
2018-08-26 20:22:23,655 INFO     [8094][deckbuilder_app.scripts.create_cards.<module>:52] Created 'Temple Captain'
2018-08-26 20:22:23,660 INFO     [8094][deckbuilder_app.scripts.create_cards.<module>:52] Created 'Temple Missionary'
2018-08-26 20:22:23,670 INFO     [8094][deckbuilder_app.scripts.create_cards.<module>:52] Created 'Thick Hide'
2018-08-26 20:22:23,679 INFO     [8094][deckbuilder_app.scripts.create_cards.<module>:52] Created 'Kitchen Handyman'
2018-08-26 20:22:23,690 INFO     [8094][deckbuilder_app.scripts.create_cards.<module>:52] Created 'Mutinous Warrior'
2018-08-26 20:22:23,699 INFO     [8094][deckbuilder_app.scripts.create_cards.<module>:52] Created 'Sturdy Foreman'
2018-08-26 20:22:23,705 INFO     [8094][deckbuilder_app.scripts.create_cards.<module>:52] Created 'Ian, Archbishop of Yang'
2018-08-26 20:22:23,711 INFO     [8094][deckbuilder_app.scripts.create_cards.<module>:52] Created 'Honor Asylum'
2018-08-26 20:22:23,717 INFO     [8094][deckbuilder_app.scripts.create_cards.<module>:52] Created 'Achilles, the Destroyer'
2018-08-26 20:22:23,722 INFO     [8094][deckbuilder_app.scripts.create_cards.<module>:52] Created 'Retribution Angel'
2018-08-26 20:22:23,730 INFO     [8094][deckbuilder_app.scripts.create_cards.<module>:52] Created 'Village Baron'
2018-08-26 20:22:23,739 INFO     [8094][deckbuilder_app.scripts.create_cards.<module>:52] Created 'Imperial Hammersmith'
2018-08-26 20:22:23,749 INFO     [8094][deckbuilder_app.scripts.create_cards.<module>:52] Created 'Imperial Hammerman'
2018-08-26 20:22:23,759 INFO     [8094][deckbuilder_app.scripts.create_cards.<module>:52] Created 'Dazzling Angel Reyna'
2018-08-26 20:22:23,768 INFO     [8094][deckbuilder_app.scripts.create_cards.<module>:52] Created 'Apocalypse'
2018-08-26 20:22:23,774 INFO     [8094][deckbuilder_app.scripts.create_cards.<module>:52] Created 'Light Paladin'
2018-08-26 20:22:23,781 INFO     [8094][deckbuilder_app.scripts.create_cards.<module>:52] Created 'Wall of Glory'
2018-08-26 20:22:23,786 INFO     [8094][deckbuilder_app.scripts.create_cards.<module>:52] Created 'Dapton, Fortress'
2018-08-26 20:22:23,791 INFO     [8094][deckbuilder_app.scripts.create_cards.<module>:52] Created 'Templar Bannerman'
2018-08-26 20:22:23,800 INFO     [8094][deckbuilder_app.scripts.create_cards.<module>:52] Created 'Royal Griffin'
2018-08-26 20:22:23,809 INFO     [8094][deckbuilder_app.scripts.create_cards.<module>:52] Created 'Loam Wall'
2018-08-26 20:22:23,819 INFO     [8094][deckbuilder_app.scripts.create_cards.<module>:52] Created 'Clumsy Shoebill'
2018-08-26 20:22:23,828 INFO     [8094][deckbuilder_app.scripts.create_cards.<module>:52] Created 'Coyote'
2018-08-26 20:22:23,836 INFO     [8094][deckbuilder_app.scripts.create_cards.<module>:52] Created 'Roughrock Blood Lizard'
2018-08-26 20:22:23,842 INFO     [8094][deckbuilder_app.scripts.create_cards.<module>:52] Created 'Seal of Roughrock'
2018-08-26 20:22:23,847 INFO     [8094][deckbuilder_app.scripts.create_cards.<module>:52] Created 'Wolf Trainer'
2018-08-26 20:22:23,852 INFO     [8094][deckbuilder_app.scripts.create_cards.<module>:52] Created 'Fearless Hunter'
2018-08-26 20:22:23,857 INFO     [8094][deckbuilder_app.scripts.create_cards.<module>:52] Created 'Distribute Arms'
2018-08-26 20:22:23,866 INFO     [8094][deckbuilder_app.scripts.create_cards.<module>:52] Created 'Unstoppable'
2018-08-26 20:22:23,876 INFO     [8094][deckbuilder_app.scripts.create_cards.<module>:52] Created 'Power-charge Archer'
2018-08-26 20:22:23,885 INFO     [8094][deckbuilder_app.scripts.create_cards.<module>:52] Created 'Roughrock Pangolin'
2018-08-26 20:22:23,895 INFO     [8094][deckbuilder_app.scripts.create_cards.<module>:52] Created 'Shaman of Madness'
2018-08-26 20:22:23,903 INFO     [8094][deckbuilder_app.scripts.create_cards.<module>:52] Created 'Beartrap'
2018-08-26 20:22:23,909 INFO     [8094][deckbuilder_app.scripts.create_cards.<module>:52] Created 'Haboob'
2018-08-26 20:22:23,914 INFO     [8094][deckbuilder_app.scripts.create_cards.<module>:52] Created 'Mania'
2018-08-26 20:22:23,920 INFO     [8094][deckbuilder_app.scripts.create_cards.<module>:52] Created 'Potential Outburst'
2018-08-26 20:22:23,925 INFO     [8094][deckbuilder_app.scripts.create_cards.<module>:52] Created 'Toxic Arrow'
2018-08-26 20:22:23,934 INFO     [8094][deckbuilder_app.scripts.create_cards.<module>:52] Created 'Weapon Grinding'
2018-08-26 20:22:23,944 INFO     [8094][deckbuilder_app.scripts.create_cards.<module>:52] Created 'Barbarous Savage'
2018-08-26 20:22:23,953 INFO     [8094][deckbuilder_app.scripts.create_cards.<module>:52] Created 'Chomper'
2018-08-26 20:22:23,963 INFO     [8094][deckbuilder_app.scripts.create_cards.<module>:52] Created 'Desert Meerkat'
2018-08-26 20:22:23,973 INFO     [8094][deckbuilder_app.scripts.create_cards.<module>:52] Created 'Fat Marmot'
2018-08-26 20:22:23,978 INFO     [8094][deckbuilder_app.scripts.create_cards.<module>:52] Created 'Oasis Guide'
2018-08-26 20:22:23,984 INFO     [8094][deckbuilder_app.scripts.create_cards.<module>:52] Created 'Weald Shaman'
2018-08-26 20:22:23,989 INFO     [8094][deckbuilder_app.scripts.create_cards.<module>:52] Created 'Wild Ambusher'
2018-08-26 20:22:23,994 INFO     [8094][deckbuilder_app.scripts.create_cards.<module>:52] Created 'Power Charging'
2018-08-26 20:22:24,002 INFO     [8094][deckbuilder_app.scripts.create_cards.<module>:52] Created 'Wild Sage'
2018-08-26 20:22:24,011 INFO     [8094][deckbuilder_app.scripts.create_cards.<module>:52] Created 'Wolf-Moon Shaman'
2018-08-26 20:22:24,020 INFO     [8094][deckbuilder_app.scripts.create_cards.<module>:52] Created 'Khan's Decree'
2018-08-26 20:22:24,029 INFO     [8094][deckbuilder_app.scripts.create_cards.<module>:52] Created 'Life Bond'
2018-08-26 20:22:24,038 INFO     [8094][deckbuilder_app.scripts.create_cards.<module>:52] Created 'Burrow Badger'
2018-08-26 20:22:24,044 INFO     [8094][deckbuilder_app.scripts.create_cards.<module>:52] Created 'Life Guardian'
2018-08-26 20:22:24,049 INFO     [8094][deckbuilder_app.scripts.create_cards.<module>:52] Created 'Swift Spearman'
2018-08-26 20:22:24,055 INFO     [8094][deckbuilder_app.scripts.create_cards.<module>:52] Created 'Thick-Skinned Hippo'
2018-08-26 20:22:24,060 INFO     [8094][deckbuilder_app.scripts.create_cards.<module>:52] Created 'Bull's Strength'
2018-08-26 20:22:24,067 INFO     [8094][deckbuilder_app.scripts.create_cards.<module>:52] Created 'Rain of Pebbles'
2018-08-26 20:22:24,077 INFO     [8094][deckbuilder_app.scripts.create_cards.<module>:52] Created 'Throwing Stone'
2018-08-26 20:22:24,087 INFO     [8094][deckbuilder_app.scripts.create_cards.<module>:52] Created 'Gluttonous Night Owl'
2018-08-26 20:22:24,096 INFO     [8094][deckbuilder_app.scripts.create_cards.<module>:52] Created 'Deadly Grass'
2018-08-26 20:22:24,105 INFO     [8094][deckbuilder_app.scripts.create_cards.<module>:52] Created 'Excited Scarecrow'
2018-08-26 20:22:24,111 INFO     [8094][deckbuilder_app.scripts.create_cards.<module>:52] Created 'Nocturnal Huntsman'
2018-08-26 20:22:24,117 INFO     [8094][deckbuilder_app.scripts.create_cards.<module>:52] Created 'Noisy Dancer'
2018-08-26 20:22:24,122 INFO     [8094][deckbuilder_app.scripts.create_cards.<module>:52] Created 'Pathfinder'
2018-08-26 20:22:24,127 INFO     [8094][deckbuilder_app.scripts.create_cards.<module>:52] Created 'Roughrock Warrior'
2018-08-26 20:22:24,135 INFO     [8094][deckbuilder_app.scripts.create_cards.<module>:52] Created 'Short-haird Boar Cub'
2018-08-26 20:22:24,144 INFO     [8094][deckbuilder_app.scripts.create_cards.<module>:52] Created 'Totem of Motivation'
2018-08-26 20:22:24,153 INFO     [8094][deckbuilder_app.scripts.create_cards.<module>:52] Created 'Weald Warrior'
2018-08-26 20:22:24,162 INFO     [8094][deckbuilder_app.scripts.create_cards.<module>:52] Created 'Wild Breadfruit'
2018-08-26 20:22:24,171 INFO     [8094][deckbuilder_app.scripts.create_cards.<module>:52] Created 'Bill & Billy'
2018-08-26 20:22:24,183 INFO     [8094][deckbuilder_app.scripts.create_cards.<module>:52] Created 'Hungry Hulk'
2018-08-26 20:22:24,189 INFO     [8094][deckbuilder_app.scripts.create_cards.<module>:52] Created 'Axe Zealot'
2018-08-26 20:22:24,194 INFO     [8094][deckbuilder_app.scripts.create_cards.<module>:52] Created 'Farseer Witch'
2018-08-26 20:22:24,199 INFO     [8094][deckbuilder_app.scripts.create_cards.<module>:52] Created 'Ivory Maiden'
2018-08-26 20:22:24,205 INFO     [8094][deckbuilder_app.scripts.create_cards.<module>:52] Created 'Prime Flamen'
2018-08-26 20:22:24,214 INFO     [8094][deckbuilder_app.scripts.create_cards.<module>:52] Created 'Threatening Warrior'
2018-08-26 20:22:24,223 INFO     [8094][deckbuilder_app.scripts.create_cards.<module>:52] Created 'Cull'
2018-08-26 20:22:24,232 INFO     [8094][deckbuilder_app.scripts.create_cards.<module>:52] Created 'Prairie Fire'
2018-08-26 20:22:24,241 INFO     [8094][deckbuilder_app.scripts.create_cards.<module>:52] Created 'Prime of Life'
2018-08-26 20:22:24,247 INFO     [8094][deckbuilder_app.scripts.create_cards.<module>:52] Created 'Behemoth Hunter'
2018-08-26 20:22:24,252 INFO     [8094][deckbuilder_app.scripts.create_cards.<module>:52] Created 'Blood Lizard Scout'
2018-08-26 20:22:24,257 INFO     [8094][deckbuilder_app.scripts.create_cards.<module>:52] Created 'Bright Breadfruit'
2018-08-26 20:22:24,262 INFO     [8094][deckbuilder_app.scripts.create_cards.<module>:52] Created 'Excited Wilding'
2018-08-26 20:22:24,268 INFO     [8094][deckbuilder_app.scripts.create_cards.<module>:52] Created 'Provision Scout'
2018-08-26 20:22:24,277 INFO     [8094][deckbuilder_app.scripts.create_cards.<module>:52] Created 'Wild Paean Singer'
2018-08-26 20:22:24,286 INFO     [8094][deckbuilder_app.scripts.create_cards.<module>:52] Created 'Sand Cyclone'
2018-08-26 20:22:24,295 INFO     [8094][deckbuilder_app.scripts.create_cards.<module>:52] Created 'Blunt Yak'
2018-08-26 20:22:24,306 INFO     [8094][deckbuilder_app.scripts.create_cards.<module>:52] Created 'Solus Lion'
2018-08-26 20:22:24,312 INFO     [8094][deckbuilder_app.scripts.create_cards.<module>:52] Created 'Wild Warrior'
2018-08-26 20:22:24,318 INFO     [8094][deckbuilder_app.scripts.create_cards.<module>:52] Created 'Blood Axe, Kay'
2018-08-26 20:22:24,324 INFO     [8094][deckbuilder_app.scripts.create_cards.<module>:52] Created 'Axe Lady'
2018-08-26 20:22:24,334 INFO     [8094][deckbuilder_app.scripts.create_cards.<module>:52] Created 'Chief Bigmouth'
2018-08-26 20:22:24,339 INFO     [8094][deckbuilder_app.scripts.create_cards.<module>:52] Created 'Zax Commander'
2018-08-26 20:22:24,348 INFO     [8094][deckbuilder_app.scripts.create_cards.<module>:52] Created 'Ancient Rock'
2018-08-26 20:22:24,357 INFO     [8094][deckbuilder_app.scripts.create_cards.<module>:52] Created 'Elite Scout'
2018-08-26 20:22:24,367 INFO     [8094][deckbuilder_app.scripts.create_cards.<module>:52] Created 'Totem of Madness'
2018-08-26 20:22:24,376 INFO     [8094][deckbuilder_app.scripts.create_cards.<module>:52] Created 'Wandering Barbarian'
2018-08-26 20:22:24,382 INFO     [8094][deckbuilder_app.scripts.create_cards.<module>:52] Created 'Rockfall'
2018-08-26 20:22:24,388 INFO     [8094][deckbuilder_app.scripts.create_cards.<module>:52] Created 'Savage Growth'
2018-08-26 20:22:24,394 INFO     [8094][deckbuilder_app.scripts.create_cards.<module>:52] Created 'Aggressive Buffalo'
2018-08-26 20:22:24,399 INFO     [8094][deckbuilder_app.scripts.create_cards.<module>:52] Created 'Red Bristle Board'
2018-08-26 20:22:24,404 INFO     [8094][deckbuilder_app.scripts.create_cards.<module>:52] Created 'Regenerative Ogre'
2018-08-26 20:22:24,414 INFO     [8094][deckbuilder_app.scripts.create_cards.<module>:52] Created 'Scavenger Vulture'
2018-08-26 20:22:24,423 INFO     [8094][deckbuilder_app.scripts.create_cards.<module>:52] Created 'Wild Berserker'
2018-08-26 20:22:24,433 INFO     [8094][deckbuilder_app.scripts.create_cards.<module>:52] Created 'Ancient Eartshaker'
2018-08-26 20:22:24,443 INFO     [8094][deckbuilder_app.scripts.create_cards.<module>:52] Created 'Blade of the Tyrant'
2018-08-26 20:22:24,450 INFO     [8094][deckbuilder_app.scripts.create_cards.<module>:52] Created 'Fearless Warrior'
2018-08-26 20:22:24,455 INFO     [8094][deckbuilder_app.scripts.create_cards.<module>:52] Created 'Roughrock Cyclops'
2018-08-26 20:22:24,460 INFO     [8094][deckbuilder_app.scripts.create_cards.<module>:52] Created 'Monolith Giant'
2018-08-26 20:22:24,465 INFO     [8094][deckbuilder_app.scripts.create_cards.<module>:52] Created 'Weald Minotaur'
2018-08-26 20:22:24,471 INFO     [8094][deckbuilder_app.scripts.create_cards.<module>:52] Created 'Mammoth'
2018-08-26 20:22:24,480 INFO     [8094][deckbuilder_app.scripts.create_cards.<module>:52] Created 'Ruma, Master Shaman'
2018-08-26 20:22:24,489 INFO     [8094][deckbuilder_app.scripts.create_cards.<module>:52] Created 'Golden Bristle King'
2018-08-26 20:22:24,498 INFO     [8094][deckbuilder_app.scripts.create_cards.<module>:52] Created 'Wake of Force'
2018-08-26 20:22:24,507 INFO     [8094][deckbuilder_app.scripts.create_cards.<module>:52] Created 'Sleeping Behemoth'
2018-08-26 20:22:24,516 INFO     [8094][deckbuilder_app.scripts.create_cards.<module>:52] Created 'Fatheaded Cyclops'
2018-08-26 20:22:24,521 INFO     [8094][deckbuilder_app.scripts.create_cards.<module>:52] Created 'Savage Rhino'
2018-08-26 20:22:24,527 INFO     [8094][deckbuilder_app.scripts.create_cards.<module>:52] Created 'Bloodeye, Tyrant'
2018-08-26 20:22:24,532 INFO     [8094][deckbuilder_app.scripts.create_cards.<module>:52] Created 'Hungry White Dragon'
2018-08-26 20:22:24,537 INFO     [8094][deckbuilder_app.scripts.create_cards.<module>:52] Created 'Hesitant Giant'
2018-08-26 20:22:24,546 INFO     [8094][deckbuilder_app.scripts.create_cards.<module>:52] Created 'Solar Dragon'
2018-08-26 20:22:24,556 INFO     [8094][deckbuilder_app.scripts.create_cards.<module>:52] Created 'Call of the Wild'
2018-08-26 20:22:24,565 INFO     [8094][deckbuilder_app.scripts.create_cards.<module>:52] Created 'Rage Predator'
2018-08-26 20:22:24,574 INFO     [8094][deckbuilder_app.scripts.create_cards.<module>:52] Created 'Falling Fire'
2018-08-26 20:22:24,584 INFO     [8094][deckbuilder_app.scripts.create_cards.<module>:52] Created 'Thunderbolt'
2018-08-26 20:22:24,593 INFO     [8094][deckbuilder_app.scripts.create_cards.<module>:52] Created 'Stygian Guard'
2018-08-26 20:22:24,601 INFO     [8094][deckbuilder_app.scripts.create_cards.<module>:52] Created 'Fireball'
2018-08-26 20:22:24,610 INFO     [8094][deckbuilder_app.scripts.create_cards.<module>:52] Created 'Mask of Madness'
2018-08-26 20:22:24,672 INFO     [8094][deckbuilder_app.scripts.create_cards.<module>:52] Created 'Endless Bloodshade'
2018-08-26 20:22:24,677 INFO     [8094][deckbuilder_app.scripts.create_cards.<module>:52] Created 'Hell Recruit'
2018-08-26 20:22:24,682 INFO     [8094][deckbuilder_app.scripts.create_cards.<module>:52] Created 'Seal of Inferno'
2018-08-26 20:22:24,687 INFO     [8094][deckbuilder_app.scripts.create_cards.<module>:52] Created 'Skullcrusher'
2018-08-26 20:22:24,693 INFO     [8094][deckbuilder_app.scripts.create_cards.<module>:52] Created 'Fire Charge'
2018-08-26 20:22:24,698 INFO     [8094][deckbuilder_app.scripts.create_cards.<module>:52] Created 'Fireball'
2018-08-26 20:22:24,704 INFO     [8094][deckbuilder_app.scripts.create_cards.<module>:52] Created 'Poisonous Eye of Sorcery'
2018-08-26 20:22:24,710 INFO     [8094][deckbuilder_app.scripts.create_cards.<module>:52] Created 'Parasite Bite'
2018-08-26 20:22:24,716 INFO     [8094][deckbuilder_app.scripts.create_cards.<module>:52] Created 'Parasitic Seed'
2018-08-26 20:22:24,721 INFO     [8094][deckbuilder_app.scripts.create_cards.<module>:52] Created 'Evil Eye'
2018-08-26 20:22:24,730 INFO     [8094][deckbuilder_app.scripts.create_cards.<module>:52] Created 'Hook of Atrocity'
2018-08-26 20:22:24,740 INFO     [8094][deckbuilder_app.scripts.create_cards.<module>:52] Created 'Bloodlust'
2018-08-26 20:22:24,749 INFO     [8094][deckbuilder_app.scripts.create_cards.<module>:52] Created 'Soul Burning'
2018-08-26 20:22:24,758 INFO     [8094][deckbuilder_app.scripts.create_cards.<module>:52] Created 'Blazing Devil'
2018-08-26 20:22:24,765 INFO     [8094][deckbuilder_app.scripts.create_cards.<module>:52] Created 'Bloodlust Soldier'
2018-08-26 20:22:24,771 INFO     [8094][deckbuilder_app.scripts.create_cards.<module>:52] Created 'Chaotic Imp'
2018-08-26 20:22:24,777 INFO     [8094][deckbuilder_app.scripts.create_cards.<module>:52] Created 'Hell Reaper'
2018-08-26 20:22:24,782 INFO     [8094][deckbuilder_app.scripts.create_cards.<module>:52] Created 'Infernal Biter'
2018-08-26 20:22:24,787 INFO     [8094][deckbuilder_app.scripts.create_cards.<module>:52] Created 'Scarlet Minion'
2018-08-26 20:22:24,797 INFO     [8094][deckbuilder_app.scripts.create_cards.<module>:52] Created 'Lava Ball'
2018-08-26 20:22:24,806 INFO     [8094][deckbuilder_app.scripts.create_cards.<module>:52] Created 'Fire Conjurer'
2018-08-26 20:22:24,815 INFO     [8094][deckbuilder_app.scripts.create_cards.<module>:52] Created 'Flaming Ironarm'
2018-08-26 20:22:24,823 INFO     [8094][deckbuilder_app.scripts.create_cards.<module>:52] Created 'Hellplate Revenant'
2018-08-26 20:22:24,831 INFO     [8094][deckbuilder_app.scripts.create_cards.<module>:52] Created 'Reaper of Despair'
2018-08-26 20:22:24,836 INFO     [8094][deckbuilder_app.scripts.create_cards.<module>:52] Created 'Unholy Transition'
2018-08-26 20:22:24,840 INFO     [8094][deckbuilder_app.scripts.create_cards.<module>:52] Created 'Wrath of Insanity'
2018-08-26 20:22:24,845 INFO     [8094][deckbuilder_app.scripts.create_cards.<module>:52] Created 'Hellhound'
2018-08-26 20:22:24,851 INFO     [8094][deckbuilder_app.scripts.create_cards.<module>:52] Created 'Howling Fiend'
2018-08-26 20:22:24,860 INFO     [8094][deckbuilder_app.scripts.create_cards.<module>:52] Created 'Pool of Grime'
2018-08-26 20:22:24,870 INFO     [8094][deckbuilder_app.scripts.create_cards.<module>:52] Created 'Scarlet Warrior'
2018-08-26 20:22:24,879 INFO     [8094][deckbuilder_app.scripts.create_cards.<module>:52] Created 'Screwy Skaab'
2018-08-26 20:22:24,889 INFO     [8094][deckbuilder_app.scripts.create_cards.<module>:52] Created 'Stinky Giant Worm'
2018-08-26 20:22:24,897 INFO     [8094][deckbuilder_app.scripts.create_cards.<module>:52] Created 'Heart Devouring'
2018-08-26 20:22:24,903 INFO     [8094][deckbuilder_app.scripts.create_cards.<module>:52] Created 'Thunder Strike'
2018-08-26 20:22:24,909 INFO     [8094][deckbuilder_app.scripts.create_cards.<module>:52] Created 'Torment Fire'
2018-08-26 20:22:24,915 INFO     [8094][deckbuilder_app.scripts.create_cards.<module>:52] Created 'Bloodfire Scorch'
2018-08-26 20:22:24,920 INFO     [8094][deckbuilder_app.scripts.create_cards.<module>:52] Created 'Combusting Skaab'
2018-08-26 20:22:24,929 INFO     [8094][deckbuilder_app.scripts.create_cards.<module>:52] Created 'Devil Fly'
2018-08-26 20:22:24,940 INFO     [8094][deckbuilder_app.scripts.create_cards.<module>:52] Created 'Greedy Redeye'
2018-08-26 20:22:24,950 INFO     [8094][deckbuilder_app.scripts.create_cards.<module>:52] Created 'Hungry Giant Mouth'
2018-08-26 20:22:24,959 INFO     [8094][deckbuilder_app.scripts.create_cards.<module>:52] Created 'Scorched Corpse'
2018-08-26 20:22:24,967 INFO     [8094][deckbuilder_app.scripts.create_cards.<module>:52] Created 'Sorcery Zombie'
2018-08-26 20:22:24,972 INFO     [8094][deckbuilder_app.scripts.create_cards.<module>:52] Created 'Bitter Watcher'
2018-08-26 20:22:24,977 INFO     [8094][deckbuilder_app.scripts.create_cards.<module>:52] Created 'Blood-Flame Erinyes'
2018-08-26 20:22:24,983 INFO     [8094][deckbuilder_app.scripts.create_cards.<module>:52] Created 'Bloodlust Osyluth'
2018-08-26 20:22:24,988 INFO     [8094][deckbuilder_app.scripts.create_cards.<module>:52] Created 'Demon Scarecrow'
2018-08-26 20:22:24,997 INFO     [8094][deckbuilder_app.scripts.create_cards.<module>:52] Created 'Firestorm'
2018-08-26 20:22:25,006 INFO     [8094][deckbuilder_app.scripts.create_cards.<module>:52] Created 'Devil Warlord'
2018-08-26 20:22:25,015 INFO     [8094][deckbuilder_app.scripts.create_cards.<module>:52] Created 'Gluttonous Wing'
2018-08-26 20:22:25,024 INFO     [8094][deckbuilder_app.scripts.create_cards.<module>:52] Created 'Howler'
2018-08-26 20:22:25,033 INFO     [8094][deckbuilder_app.scripts.create_cards.<module>:52] Created 'Scorched Demon'
2018-08-26 20:22:25,038 INFO     [8094][deckbuilder_app.scripts.create_cards.<module>:52] Created 'Imperious Curse'
2018-08-26 20:22:25,044 INFO     [8094][deckbuilder_app.scripts.create_cards.<module>:52] Created 'Lava Golem'
2018-08-26 20:22:25,049 INFO     [8094][deckbuilder_app.scripts.create_cards.<module>:52] Created 'Acid Aberration'
2018-08-26 20:22:25,054 INFO     [8094][deckbuilder_app.scripts.create_cards.<module>:52] Created 'Crawling Braineater'
2018-08-26 20:22:25,062 INFO     [8094][deckbuilder_app.scripts.create_cards.<module>:52] Created 'Red Tails'
2018-08-26 20:22:25,071 INFO     [8094][deckbuilder_app.scripts.create_cards.<module>:52] Created 'Spitter'
2018-08-26 20:22:25,080 INFO     [8094][deckbuilder_app.scripts.create_cards.<module>:52] Created 'Devouring Grudge'
2018-08-26 20:22:25,089 INFO     [8094][deckbuilder_app.scripts.create_cards.<module>:52] Created 'Thunderstorm'
2018-08-26 20:22:25,098 INFO     [8094][deckbuilder_app.scripts.create_cards.<module>:52] Created 'Devouring Insect'
2018-08-26 20:22:25,105 INFO     [8094][deckbuilder_app.scripts.create_cards.<module>:52] Created 'Blackflame Rift'
2018-08-26 20:22:25,110 INFO     [8094][deckbuilder_app.scripts.create_cards.<module>:52] Created 'Cerberus'
2018-08-26 20:22:25,116 INFO     [8094][deckbuilder_app.scripts.create_cards.<module>:52] Created 'Infernal Butcher'
2018-08-26 20:22:25,121 INFO     [8094][deckbuilder_app.scripts.create_cards.<module>:52] Created 'Furious Fireball'
2018-08-26 20:22:25,127 INFO     [8094][deckbuilder_app.scripts.create_cards.<module>:52] Created 'Fanged Butcher'
2018-08-26 20:22:25,137 INFO     [8094][deckbuilder_app.scripts.create_cards.<module>:52] Created 'Furious Ushioni'
2018-08-26 20:22:25,146 INFO     [8094][deckbuilder_app.scripts.create_cards.<module>:52] Created 'Crumbled Thoughts'
2018-08-26 20:22:25,155 INFO     [8094][deckbuilder_app.scripts.create_cards.<module>:52] Created 'Fire Falling'
2018-08-26 20:22:25,165 INFO     [8094][deckbuilder_app.scripts.create_cards.<module>:52] Created 'Demon Eye'
2018-08-26 20:22:25,172 INFO     [8094][deckbuilder_app.scripts.create_cards.<module>:52] Created 'Giant Spraying Moth'
2018-08-26 20:22:25,178 INFO     [8094][deckbuilder_app.scripts.create_cards.<module>:52] Created 'Hunter'
2018-08-26 20:22:25,185 INFO     [8094][deckbuilder_app.scripts.create_cards.<module>:52] Created 'Infected Ushioni'
2018-08-26 20:22:25,190 INFO     [8094][deckbuilder_app.scripts.create_cards.<module>:52] Created 'Lilith, Blood Wing'
2018-08-26 20:22:25,198 INFO     [8094][deckbuilder_app.scripts.create_cards.<module>:52] Created 'Lava Bovine'
2018-08-26 20:22:25,208 INFO     [8094][deckbuilder_app.scripts.create_cards.<module>:52] Created 'Abyssal Devil'
2018-08-26 20:22:25,218 INFO     [8094][deckbuilder_app.scripts.create_cards.<module>:52] Created 'Blood Prophet'
2018-08-26 20:22:25,227 INFO     [8094][deckbuilder_app.scripts.create_cards.<module>:52] Created 'Scorch'
2018-08-26 20:22:25,235 INFO     [8094][deckbuilder_app.scripts.create_cards.<module>:52] Created 'Abyssal Tentacle'
2018-08-26 20:22:25,241 INFO     [8094][deckbuilder_app.scripts.create_cards.<module>:52] Created 'Nightmare Horror'
2018-08-26 20:22:25,247 INFO     [8094][deckbuilder_app.scripts.create_cards.<module>:52] Created 'Poisonous Vermin'
2018-08-26 20:22:25,252 INFO     [8094][deckbuilder_app.scripts.create_cards.<module>:52] Created 'Infernal Magma-Throat'
2018-08-26 20:22:25,257 INFO     [8094][deckbuilder_app.scripts.create_cards.<module>:52] Created 'Silver Mouth'
2018-08-26 20:22:25,263 INFO     [8094][deckbuilder_app.scripts.create_cards.<module>:52] Created 'Scarlet Lord'
2018-08-26 20:22:25,272 INFO     [8094][deckbuilder_app.scripts.create_cards.<module>:52] Created 'Necromantic Augury'
2018-08-26 20:22:25,281 INFO     [8094][deckbuilder_app.scripts.create_cards.<module>:52] Created 'Bone Mound'
2018-08-26 20:22:25,290 INFO     [8094][deckbuilder_app.scripts.create_cards.<module>:52] Created 'Frozen Deep'
2018-08-26 20:22:25,299 INFO     [8094][deckbuilder_app.scripts.create_cards.<module>:52] Created 'Numbing Frost'
2018-08-26 20:22:25,305 INFO     [8094][deckbuilder_app.scripts.create_cards.<module>:52] Created 'Cold Scarecrow'
2018-08-26 20:22:25,311 INFO     [8094][deckbuilder_app.scripts.create_cards.<module>:52] Created 'Ice Wall'
2018-08-26 20:22:25,316 INFO     [8094][deckbuilder_app.scripts.create_cards.<module>:52] Created 'Skeleton Hound'
2018-08-26 20:22:25,321 INFO     [8094][deckbuilder_app.scripts.create_cards.<module>:52] Created 'Seal of Apostle'
2018-08-26 20:22:25,327 INFO     [8094][deckbuilder_app.scripts.create_cards.<module>:52] Created 'Winter Warlock'
2018-08-26 20:22:25,337 INFO     [8094][deckbuilder_app.scripts.create_cards.<module>:52] Created 'Winter-eve Herald'
2018-08-26 20:22:25,346 INFO     [8094][deckbuilder_app.scripts.create_cards.<module>:52] Created 'Frozen Bonespear'
2018-08-26 20:22:25,355 INFO     [8094][deckbuilder_app.scripts.create_cards.<module>:52] Created 'Animated Wight'
2018-08-26 20:22:25,365 INFO     [8094][deckbuilder_app.scripts.create_cards.<module>:52] Created 'Cold Grave'
2018-08-26 20:22:25,371 INFO     [8094][deckbuilder_app.scripts.create_cards.<module>:52] Created 'Frostiron Soldier'
2018-08-26 20:22:25,377 INFO     [8094][deckbuilder_app.scripts.create_cards.<module>:52] Created 'Skeleton Soulhunter'
2018-08-26 20:22:25,384 INFO     [8094][deckbuilder_app.scripts.create_cards.<module>:52] Created 'Ritual of Winter'
2018-08-26 20:22:25,389 INFO     [8094][deckbuilder_app.scripts.create_cards.<module>:52] Created 'Skeleton Wall'
2018-08-26 20:22:25,397 INFO     [8094][deckbuilder_app.scripts.create_cards.<module>:52] Created 'Winter is Coming'
2018-08-26 20:22:25,406 INFO     [8094][deckbuilder_app.scripts.create_cards.<module>:52] Created 'Bone Wall'
2018-08-26 20:22:25,415 INFO     [8094][deckbuilder_app.scripts.create_cards.<module>:52] Created 'Creeping Corpse'
2018-08-26 20:22:25,423 INFO     [8094][deckbuilder_app.scripts.create_cards.<module>:52] Created 'Deus Fanatic'
2018-08-26 20:22:25,433 INFO     [8094][deckbuilder_app.scripts.create_cards.<module>:52] Created 'Frost Zombie'
2018-08-26 20:22:25,439 INFO     [8094][deckbuilder_app.scripts.create_cards.<module>:52] Created 'Iceplague Worm'
2018-08-26 20:22:25,444 INFO     [8094][deckbuilder_app.scripts.create_cards.<module>:52] Created 'Skeleton Warrior'
2018-08-26 20:22:25,449 INFO     [8094][deckbuilder_app.scripts.create_cards.<module>:52] Created 'Blood Blade of Boreas'
2018-08-26 20:22:25,454 INFO     [8094][deckbuilder_app.scripts.create_cards.<module>:52] Created 'Frozen Memory'
2018-08-26 20:22:25,460 INFO     [8094][deckbuilder_app.scripts.create_cards.<module>:52] Created 'Blind Swordsman'
2018-08-26 20:22:25,468 INFO     [8094][deckbuilder_app.scripts.create_cards.<module>:52] Created 'Ruin Temple'
2018-08-26 20:22:25,477 INFO     [8094][deckbuilder_app.scripts.create_cards.<module>:52] Created 'Scary Thornbearer'
2018-08-26 20:22:25,486 INFO     [8094][deckbuilder_app.scripts.create_cards.<module>:52] Created 'Stitch Master'
2018-08-26 20:22:25,495 INFO     [8094][deckbuilder_app.scripts.create_cards.<module>:52] Created 'Conversion'
2018-08-26 20:22:25,502 INFO     [8094][deckbuilder_app.scripts.create_cards.<module>:52] Created 'Conscript Apostle'
2018-08-26 20:22:25,507 INFO     [8094][deckbuilder_app.scripts.create_cards.<module>:52] Created 'Frost Flamen'
2018-08-26 20:22:25,512 INFO     [8094][deckbuilder_app.scripts.create_cards.<module>:52] Created 'Immortal Frost Fencer'
2018-08-26 20:22:25,518 INFO     [8094][deckbuilder_app.scripts.create_cards.<module>:52] Created 'Polar Fanatic'
2018-08-26 20:22:25,525 INFO     [8094][deckbuilder_app.scripts.create_cards.<module>:52] Created 'Polar Night Ghost'
2018-08-26 20:22:25,534 INFO     [8094][deckbuilder_app.scripts.create_cards.<module>:52] Created 'Temple Flamen'
2018-08-26 20:22:25,543 INFO     [8094][deckbuilder_app.scripts.create_cards.<module>:52] Created 'Conversion'
2018-08-26 20:22:25,553 INFO     [8094][deckbuilder_app.scripts.create_cards.<module>:52] Created 'Frost Drain'
2018-08-26 20:22:25,562 INFO     [8094][deckbuilder_app.scripts.create_cards.<module>:52] Created 'Deus Disciple'
2018-08-26 20:22:25,568 INFO     [8094][deckbuilder_app.scripts.create_cards.<module>:52] Created 'Military Skeleton'
2018-08-26 20:22:25,573 INFO     [8094][deckbuilder_app.scripts.create_cards.<module>:52] Created 'Skeleton Archer'
2018-08-26 20:22:25,578 INFO     [8094][deckbuilder_app.scripts.create_cards.<module>:52] Created 'Winter Sadhu'
2018-08-26 20:22:25,583 INFO     [8094][deckbuilder_app.scripts.create_cards.<module>:52] Created 'Endless Wintersoul'
2018-08-26 20:22:25,591 INFO     [8094][deckbuilder_app.scripts.create_cards.<module>:52] Created 'Growling Monster of Ice'
2018-08-26 20:22:25,602 INFO     [8094][deckbuilder_app.scripts.create_cards.<module>:52] Created 'Silent Lich'
2018-08-26 20:22:25,611 INFO     [8094][deckbuilder_app.scripts.create_cards.<module>:52] Created 'Polar Trebuchet'
2018-08-26 20:22:25,620 INFO     [8094][deckbuilder_app.scripts.create_cards.<module>:52] Created 'Skeleton Summoner'
2018-08-26 20:22:25,629 INFO     [8094][deckbuilder_app.scripts.create_cards.<module>:52] Created 'Winter-Veil Knight'
2018-08-26 20:22:25,636 INFO     [8094][deckbuilder_app.scripts.create_cards.<module>:52] Created 'Bone Explosion'
2018-08-26 20:22:25,641 INFO     [8094][deckbuilder_app.scripts.create_cards.<module>:52] Created 'Piercing Ice'
2018-08-26 20:22:25,648 INFO     [8094][deckbuilder_app.scripts.create_cards.<module>:52] Created 'Deus Acolyte'
2018-08-26 20:22:25,653 INFO     [8094][deckbuilder_app.scripts.create_cards.<module>:52] Created 'Hibernal Sorceror'
2018-08-26 20:22:25,660 INFO     [8094][deckbuilder_app.scripts.create_cards.<module>:52] Created 'Polar Hunter'
2018-08-26 20:22:25,669 INFO     [8094][deckbuilder_app.scripts.create_cards.<module>:52] Created 'Winter Spellbreaker'
2018-08-26 20:22:25,678 INFO     [8094][deckbuilder_app.scripts.create_cards.<module>:52] Created 'Boreas' Breath'
2018-08-26 20:22:25,688 INFO     [8094][deckbuilder_app.scripts.create_cards.<module>:52] Created 'Death Nail'
2018-08-26 20:22:25,697 INFO     [8094][deckbuilder_app.scripts.create_cards.<module>:52] Created 'Ritual of Bones'
2018-08-26 20:22:25,703 INFO     [8094][deckbuilder_app.scripts.create_cards.<module>:52] Created 'Animated Bones'
2018-08-26 20:22:25,709 INFO     [8094][deckbuilder_app.scripts.create_cards.<module>:52] Created 'Grim Ram'
2018-08-26 20:22:25,714 INFO     [8094][deckbuilder_app.scripts.create_cards.<module>:52] Created 'Night Ghost'
2018-08-26 20:22:25,720 INFO     [8094][deckbuilder_app.scripts.create_cards.<module>:52] Created 'Watchful Crow'
2018-08-26 20:22:25,726 INFO     [8094][deckbuilder_app.scripts.create_cards.<module>:52] Created 'Wild Zombie'
2018-08-26 20:22:25,735 INFO     [8094][deckbuilder_app.scripts.create_cards.<module>:52] Created 'Boreas, Dread Lord'
2018-08-26 20:22:25,745 INFO     [8094][deckbuilder_app.scripts.create_cards.<module>:52] Created 'Wail of the Dead'
2018-08-26 20:22:25,755 INFO     [8094][deckbuilder_app.scripts.create_cards.<module>:52] Created 'Merciless Predator'
2018-08-26 20:22:25,765 INFO     [8094][deckbuilder_app.scripts.create_cards.<module>:52] Created 'Queen of Evernight'
2018-08-26 20:22:25,771 INFO     [8094][deckbuilder_app.scripts.create_cards.<module>:52] Created 'Winter-Veil Warrior'
2018-08-26 20:22:25,777 INFO     [8094][deckbuilder_app.scripts.create_cards.<module>:52] Created 'Howl of Deus'
2018-08-26 20:22:25,783 INFO     [8094][deckbuilder_app.scripts.create_cards.<module>:52] Created 'Cold-marrow Vermin'
2018-08-26 20:22:25,788 INFO     [8094][deckbuilder_app.scripts.create_cards.<module>:52] Created 'Never Roar'
2018-08-26 20:22:25,795 INFO     [8094][deckbuilder_app.scripts.create_cards.<module>:52] Created 'Skeleton Warlord'
2018-08-26 20:22:25,805 INFO     [8094][deckbuilder_app.scripts.create_cards.<module>:52] Created 'Deus Cultist'
2018-08-26 20:22:25,814 INFO     [8094][deckbuilder_app.scripts.create_cards.<module>:52] Created 'Skaab'
2018-08-26 20:22:25,823 INFO     [8094][deckbuilder_app.scripts.create_cards.<module>:52] Created 'Temple Praetorian'
2018-08-26 20:22:25,832 INFO     [8094][deckbuilder_app.scripts.create_cards.<module>:52] Created 'Throned Lich'
2018-08-26 20:22:25,838 INFO     [8094][deckbuilder_app.scripts.create_cards.<module>:52] Created 'Ice Age'
2018-08-26 20:22:25,843 INFO     [8094][deckbuilder_app.scripts.create_cards.<module>:52] Created 'Apostle Bishop'
2018-08-26 20:22:25,849 INFO     [8094][deckbuilder_app.scripts.create_cards.<module>:52] Created 'Bone Ranges'
2018-08-26 20:22:25,854 INFO     [8094][deckbuilder_app.scripts.create_cards.<module>:52] Created 'Ice Golem'
2018-08-26 20:22:25,859 INFO     [8094][deckbuilder_app.scripts.create_cards.<module>:52] Created 'Coldblood Tooth'
2018-08-26 20:22:25,868 INFO     [8094][deckbuilder_app.scripts.create_cards.<module>:52] Created 'Gemini Shadow'
2018-08-26 20:22:25,877 INFO     [8094][deckbuilder_app.scripts.create_cards.<module>:52] Created 'Frostiron Axeman'
2018-08-26 20:22:25,885 INFO     [8094][deckbuilder_app.scripts.create_cards.<module>:52] Created 'Avatar of Deus'
2018-08-26 20:22:25,894 INFO     [8094][deckbuilder_app.scripts.create_cards.<module>:52] Created 'Deus Herald'
2018-08-26 20:22:25,900 INFO     [8094][deckbuilder_app.scripts.create_cards.<module>:52] Created 'Killing Freeze'
2018-08-26 20:22:25,905 INFO     [8094][deckbuilder_app.scripts.create_cards.<module>:52] Created 'Iceplague Carrier'
2018-08-26 20:22:25,911 INFO     [8094][deckbuilder_app.scripts.create_cards.<module>:52] Created 'Polar Yeti'
2018-08-26 20:22:25,924 INFO     [8094][deckbuilder_app.scripts.create_cards.<module>:52] Created 'Yateras, Iceberg'
2018-08-26 20:22:25,935 INFO     [8094][deckbuilder_app.scripts.create_cards.<module>:52] Created 'Ice Behemoth'
2018-08-26 20:22:25,944 INFO     [8094][deckbuilder_app.scripts.create_cards.<module>:52] Created 'Descent of Apostles'
2018-08-26 20:22:25,951 INFO     [8094][deckbuilder_app.scripts.create_cards.<module>:52] Created 'Ice Dragon'
2018-08-26 20:22:25,956 INFO     [8094][deckbuilder_app.scripts.create_cards.<module>:52] Created 'Anima Seed'
2018-08-26 20:22:25,962 INFO     [8094][deckbuilder_app.scripts.create_cards.<module>:52] Created 'Blade of Heritage'
2018-08-26 20:22:25,967 INFO     [8094][deckbuilder_app.scripts.create_cards.<module>:52] Created 'Mountain Hermitage'
2018-08-26 20:22:25,972 INFO     [8094][deckbuilder_app.scripts.create_cards.<module>:52] Created 'Animaivy'
2018-08-26 20:22:25,981 INFO     [8094][deckbuilder_app.scripts.create_cards.<module>:52] Created 'Fargesia Guard'
2018-08-26 20:22:25,990 INFO     [8094][deckbuilder_app.scripts.create_cards.<module>:52] Created 'Disorientation'
2018-08-26 20:22:26,001 INFO     [8094][deckbuilder_app.scripts.create_cards.<module>:52] Created 'Peach'
2018-08-26 20:22:26,010 INFO     [8094][deckbuilder_app.scripts.create_cards.<module>:52] Created 'Intelligent Vine'
2018-08-26 20:22:26,018 INFO     [8094][deckbuilder_app.scripts.create_cards.<module>:52] Created 'Peck of Peaches'
2018-08-26 20:22:26,024 INFO     [8094][deckbuilder_app.scripts.create_cards.<module>:52] Created 'Seal of Chivalry'
2018-08-26 20:22:26,029 INFO     [8094][deckbuilder_app.scripts.create_cards.<module>:52] Created 'Peach Hermit'
2018-08-26 20:22:26,035 INFO     [8094][deckbuilder_app.scripts.create_cards.<module>:52] Created 'Reynard Ronin'
2018-08-26 20:22:26,040 INFO     [8094][deckbuilder_app.scripts.create_cards.<module>:52] Created 'Shield Builder'
2018-08-26 20:22:26,049 INFO     [8094][deckbuilder_app.scripts.create_cards.<module>:52] Created 'Tornado'
2018-08-26 20:22:26,058 INFO     [8094][deckbuilder_app.scripts.create_cards.<module>:52] Created 'Vines Rage'
2018-08-26 20:22:26,067 INFO     [8094][deckbuilder_app.scripts.create_cards.<module>:52] Created 'Yin & Yan Symbol'
2018-08-26 20:22:26,077 INFO     [8094][deckbuilder_app.scripts.create_cards.<module>:52] Created 'Big-ear Tailor'
2018-08-26 20:22:26,086 INFO     [8094][deckbuilder_app.scripts.create_cards.<module>:52] Created 'Goat Herbalist'
2018-08-26 20:22:26,091 INFO     [8094][deckbuilder_app.scripts.create_cards.<module>:52] Created 'Leaf Mesmer'
2018-08-26 20:22:26,097 INFO     [8094][deckbuilder_app.scripts.create_cards.<module>:52] Created 'Taoist Numerologist'
2018-08-26 20:22:26,102 INFO     [8094][deckbuilder_app.scripts.create_cards.<module>:52] Created 'Ginsengfruit'
2018-08-26 20:22:26,108 INFO     [8094][deckbuilder_app.scripts.create_cards.<module>:52] Created 'Moon Serenade'
2018-08-26 20:22:26,117 INFO     [8094][deckbuilder_app.scripts.create_cards.<module>:52] Created 'Taoist Fraternity'
2018-08-26 20:22:26,126 INFO     [8094][deckbuilder_app.scripts.create_cards.<module>:52] Created 'Black Bamboo Guard'
2018-08-26 20:22:26,138 INFO     [8094][deckbuilder_app.scripts.create_cards.<module>:52] Created 'Horse Barrier'
2018-08-26 20:22:26,147 INFO     [8094][deckbuilder_app.scripts.create_cards.<module>:52] Created 'Purple Censer'
2018-08-26 20:22:26,155 INFO     [8094][deckbuilder_app.scripts.create_cards.<module>:52] Created 'Sika Fencer'
2018-08-26 20:22:26,160 INFO     [8094][deckbuilder_app.scripts.create_cards.<module>:52] Created 'Sika Strider'
2018-08-26 20:22:26,166 INFO     [8094][deckbuilder_app.scripts.create_cards.<module>:52] Created 'Young Fencer'
2018-08-26 20:22:26,171 INFO     [8094][deckbuilder_app.scripts.create_cards.<module>:52] Created 'Holy Blade . Lin'
2018-08-26 20:22:26,176 INFO     [8094][deckbuilder_app.scripts.create_cards.<module>:52] Created 'Master of Cosmos'
2018-08-26 20:22:26,186 INFO     [8094][deckbuilder_app.scripts.create_cards.<module>:52] Created 'Qian & Kun Symbol'
2018-08-26 20:22:26,195 INFO     [8094][deckbuilder_app.scripts.create_cards.<module>:52] Created 'Exorcist'
2018-08-26 20:22:26,204 INFO     [8094][deckbuilder_app.scripts.create_cards.<module>:52] Created 'Peripatetic Guqin Artist'
2018-08-26 20:22:26,213 INFO     [8094][deckbuilder_app.scripts.create_cards.<module>:52] Created 'Seiso Monk'
2018-08-26 20:22:26,223 INFO     [8094][deckbuilder_app.scripts.create_cards.<module>:52] Created 'Spirit Possession'
2018-08-26 20:22:26,228 INFO     [8094][deckbuilder_app.scripts.create_cards.<module>:52] Created 'Chivalric Draft'
2018-08-26 20:22:26,234 INFO     [8094][deckbuilder_app.scripts.create_cards.<module>:52] Created 'Hurricane'
2018-08-26 20:22:26,239 INFO     [8094][deckbuilder_app.scripts.create_cards.<module>:52] Created 'Tiger Palms'
2018-08-26 20:22:26,244 INFO     [8094][deckbuilder_app.scripts.create_cards.<module>:52] Created 'Gatherer of Herbs'
2018-08-26 20:22:26,254 INFO     [8094][deckbuilder_app.scripts.create_cards.<module>:52] Created 'Drunk Taoist'
2018-08-26 20:22:26,265 INFO     [8094][deckbuilder_app.scripts.create_cards.<module>:52] Created 'Moon Guqin Artist'
2018-08-26 20:22:26,273 INFO     [8094][deckbuilder_app.scripts.create_cards.<module>:52] Created 'Puzzled Scarecrow'
2018-08-26 20:22:26,282 INFO     [8094][deckbuilder_app.scripts.create_cards.<module>:52] Created 'Sword Guardian'
2018-08-26 20:22:26,291 INFO     [8094][deckbuilder_app.scripts.create_cards.<module>:52] Created 'Taste House, Clerk'
2018-08-26 20:22:26,297 INFO     [8094][deckbuilder_app.scripts.create_cards.<module>:52] Created 'Taste House, Sister'
2018-08-26 20:22:26,302 INFO     [8094][deckbuilder_app.scripts.create_cards.<module>:52] Created 'Hei & Bai Symbol'
2018-08-26 20:22:26,307 INFO     [8094][deckbuilder_app.scripts.create_cards.<module>:52] Created 'Mountain Power'
2018-08-26 20:22:26,314 INFO     [8094][deckbuilder_app.scripts.create_cards.<module>:52] Created 'Sun & Moon Symbol'
2018-08-26 20:22:26,323 INFO     [8094][deckbuilder_app.scripts.create_cards.<module>:52] Created 'Ascetic Monk'
2018-08-26 20:22:26,332 INFO     [8094][deckbuilder_app.scripts.create_cards.<module>:52] Created 'Big-ear Farmer'
2018-08-26 20:22:26,341 INFO     [8094][deckbuilder_app.scripts.create_cards.<module>:52] Created 'Kunlun Rover'
2018-08-26 20:22:26,351 INFO     [8094][deckbuilder_app.scripts.create_cards.<module>:52] Created 'Reynard Fencer'
2018-08-26 20:22:26,360 INFO     [8094][deckbuilder_app.scripts.create_cards.<module>:52] Created 'Sika Huntsman'
2018-08-26 20:22:26,366 INFO     [8094][deckbuilder_app.scripts.create_cards.<module>:52] Created 'Testudo Monk'
2018-08-26 20:22:26,371 INFO     [8094][deckbuilder_app.scripts.create_cards.<module>:52] Created 'Woods Watchman'
2018-08-26 20:22:26,377 INFO     [8094][deckbuilder_app.scripts.create_cards.<module>:52] Created 'Wild Boar Axe'
2018-08-26 20:22:26,383 INFO     [8094][deckbuilder_app.scripts.create_cards.<module>:52] Created 'Azhen, Flora Lady'
2018-08-26 20:22:26,392 INFO     [8094][deckbuilder_app.scripts.create_cards.<module>:52] Created 'Immortal Ficus'
2018-08-26 20:22:26,401 INFO     [8094][deckbuilder_app.scripts.create_cards.<module>:52] Created 'Power of Dragon Rise'
2018-08-26 20:22:26,410 INFO     [8094][deckbuilder_app.scripts.create_cards.<module>:52] Created 'Steel-backed Stylite'
2018-08-26 20:22:26,419 INFO     [8094][deckbuilder_app.scripts.create_cards.<module>:52] Created 'Master of Spirit Possession'
2018-08-26 20:22:26,427 INFO     [8094][deckbuilder_app.scripts.create_cards.<module>:52] Created 'Celestial Kensai'
2018-08-26 20:22:26,432 INFO     [8094][deckbuilder_app.scripts.create_cards.<module>:52] Created 'Deadly Swordman'
2018-08-26 20:22:26,438 INFO     [8094][deckbuilder_app.scripts.create_cards.<module>:52] Created 'Ink-house Hermit'
2018-08-26 20:22:26,443 INFO     [8094][deckbuilder_app.scripts.create_cards.<module>:52] Created 'Sika Magi'
2018-08-26 20:22:26,448 INFO     [8094][deckbuilder_app.scripts.create_cards.<module>:52] Created 'Barn of Glen'
2018-08-26 20:22:26,457 INFO     [8094][deckbuilder_app.scripts.create_cards.<module>:52] Created 'Nun of Cloud'
2018-08-26 20:22:26,466 INFO     [8094][deckbuilder_app.scripts.create_cards.<module>:52] Created 'Timorous Ambusher'
2018-08-26 20:22:26,475 INFO     [8094][deckbuilder_app.scripts.create_cards.<module>:52] Created 'Wind Chime Taoist'
2018-08-26 20:22:26,484 INFO     [8094][deckbuilder_app.scripts.create_cards.<module>:52] Created 'Windwalk Martialist'
2018-08-26 20:22:26,493 INFO     [8094][deckbuilder_app.scripts.create_cards.<module>:52] Created 'Spring Breeze'
2018-08-26 20:22:26,498 INFO     [8094][deckbuilder_app.scripts.create_cards.<module>:52] Created 'Vigor Gift'
2018-08-26 20:22:26,503 INFO     [8094][deckbuilder_app.scripts.create_cards.<module>:52] Created 'Big-ear Carpenter'
2018-08-26 20:22:26,508 INFO     [8094][deckbuilder_app.scripts.create_cards.<module>:52] Created 'Pinaster Hermit'
2018-08-26 20:22:26,514 INFO     [8094][deckbuilder_app.scripts.create_cards.<module>:52] Created 'Shrewd Pedlar'
2018-08-26 20:22:26,522 INFO     [8094][deckbuilder_app.scripts.create_cards.<module>:52] Created 'Taste House, Chef'
2018-08-26 20:22:26,530 INFO     [8094][deckbuilder_app.scripts.create_cards.<module>:52] Created 'Peripatetic Lay Monk'
2018-08-26 20:22:26,539 INFO     [8094][deckbuilder_app.scripts.create_cards.<module>:52] Created 'Protective Anima'
2018-08-26 20:22:26,548 INFO     [8094][deckbuilder_app.scripts.create_cards.<module>:52] Created 'Ferry Hermit'
2018-08-26 20:22:26,557 INFO     [8094][deckbuilder_app.scripts.create_cards.<module>:52] Created 'Red Panda Trio'
2018-08-26 20:22:26,563 INFO     [8094][deckbuilder_app.scripts.create_cards.<module>:52] Created 'Senior Mammon'
2018-08-26 20:22:26,569 INFO     [8094][deckbuilder_app.scripts.create_cards.<module>:52] Created 'Courage Teacher'
2018-08-26 20:22:26,574 INFO     [8094][deckbuilder_app.scripts.create_cards.<module>:52] Created 'Muddling Performer'
2018-08-26 20:22:26,580 INFO     [8094][deckbuilder_app.scripts.create_cards.<module>:52] Created 'Roving Monk'
2018-08-26 20:22:26,588 INFO     [8094][deckbuilder_app.scripts.create_cards.<module>:52] Created 'Vigorous Ovis'
2018-08-26 20:22:26,597 INFO     [8094][deckbuilder_app.scripts.create_cards.<module>:52] Created 'Maze of the Huntsman'
2018-08-26 20:22:26,606 INFO     [8094][deckbuilder_app.scripts.create_cards.<module>:52] Created 'Chateau Elder'
2018-08-26 20:22:26,615 INFO     [8094][deckbuilder_app.scripts.create_cards.<module>:52] Created 'Taste House, Cook'
2018-08-26 20:22:26,625 INFO     [8094][deckbuilder_app.scripts.create_cards.<module>:52] Created 'Pigsy, Zen Hero'
2018-08-26 20:22:26,631 INFO     [8094][deckbuilder_app.scripts.create_cards.<module>:52] Created 'Tree of Knowledge'
2018-08-26 20:22:26,637 INFO     [8094][deckbuilder_app.scripts.create_cards.<module>:52] Created 'Hero of Liquor'
2018-08-26 20:22:26,643 INFO     [8094][deckbuilder_app.scripts.create_cards.<module>:52] Created 'Testudo Arhat'
2018-08-26 20:22:26,648 INFO     [8094][deckbuilder_app.scripts.create_cards.<module>:52] Created 'Plants Rise'
2018-08-26 20:22:26,656 INFO     [8094][deckbuilder_app.scripts.create_cards.<module>:52] Created 'Swotting Student'
2018-08-26 20:22:26,666 INFO     [8094][deckbuilder_app.scripts.create_cards.<module>:52] Created 'Poplar Taoist'
2018-08-26 20:22:26,675 INFO     [8094][deckbuilder_app.scripts.create_cards.<module>:52] Created 'Reckless Tiger'
2018-08-26 20:22:26,685 INFO     [8094][deckbuilder_app.scripts.create_cards.<module>:52] Created 'Yiyun Sword-master Ren'
2018-08-26 20:22:26,694 INFO     [8094][deckbuilder_app.scripts.create_cards.<module>:52] Created 'Moe!?'
2018-08-26 20:22:26,700 INFO     [8094][deckbuilder_app.scripts.create_cards.<module>:52] Created 'Chief of Taste House'
2018-08-26 20:22:26,706 INFO     [8094][deckbuilder_app.scripts.create_cards.<module>:52] Created 'Pine Village Vanguard'
2018-08-26 20:22:26,713 INFO     [8094][deckbuilder_app.scripts.create_cards.<module>:52] Created 'Spruce Elder'
2018-08-26 20:22:26,719 INFO     [8094][deckbuilder_app.scripts.create_cards.<module>:52] Created 'Pine Village Protector'
2018-08-26 20:22:26,729 INFO     [8094][deckbuilder_app.scripts.create_cards.<module>:52] Created 'Vigorous Tiger'
2018-08-26 20:22:26,738 INFO     [8094][deckbuilder_app.scripts.create_cards.<module>:52] Created 'Zen Hero of Ocean'
2018-08-26 20:22:26,747 INFO     [8094][deckbuilder_app.scripts.create_cards.<module>:52] Created 'Droid-Basic'
2018-08-26 20:22:26,757 INFO     [8094][deckbuilder_app.scripts.create_cards.<module>:52] Created 'Duplicate'
2018-08-26 20:22:26,767 INFO     [8094][deckbuilder_app.scripts.create_cards.<module>:52] Created 'Droid-Scout'
2018-08-26 20:22:26,773 INFO     [8094][deckbuilder_app.scripts.create_cards.<module>:52] Created 'Force of Warp'
2018-08-26 20:22:26,779 INFO     [8094][deckbuilder_app.scripts.create_cards.<module>:52] Created 'Psionic Conspiracy'
2018-08-26 20:22:26,785 INFO     [8094][deckbuilder_app.scripts.create_cards.<module>:52] Created 'Silence'
2018-08-26 20:22:26,791 INFO     [8094][deckbuilder_app.scripts.create_cards.<module>:52] Created 'Cursed Bat'
2018-08-26 20:22:26,803 INFO     [8094][deckbuilder_app.scripts.create_cards.<module>:52] Created 'Droid-Spring'
2018-08-26 20:22:26,815 INFO     [8094][deckbuilder_app.scripts.create_cards.<module>:52] Created 'Phantom Python'
2018-08-26 20:22:26,825 INFO     [8094][deckbuilder_app.scripts.create_cards.<module>:52] Created 'Seal of Knowledge'
2018-08-26 20:22:26,835 INFO     [8094][deckbuilder_app.scripts.create_cards.<module>:52] Created 'Silent Summoner'
2018-08-26 20:22:26,841 INFO     [8094][deckbuilder_app.scripts.create_cards.<module>:52] Created 'Magic-break Professor'
2018-08-26 20:22:26,848 INFO     [8094][deckbuilder_app.scripts.create_cards.<module>:52] Created 'Behind Enemy Lines'
2018-08-26 20:22:26,854 INFO     [8094][deckbuilder_app.scripts.create_cards.<module>:52] Created 'Careful Arrangement'
2018-08-26 20:22:26,860 INFO     [8094][deckbuilder_app.scripts.create_cards.<module>:52] Created 'Sound of Silence'
2018-08-26 20:22:26,866 INFO     [8094][deckbuilder_app.scripts.create_cards.<module>:52] Created 'Droid-Circulation'
2018-08-26 20:22:26,876 INFO     [8094][deckbuilder_app.scripts.create_cards.<module>:52] Created 'Blackwing Owl'
2018-08-26 20:22:26,886 INFO     [8094][deckbuilder_app.scripts.create_cards.<module>:52] Created 'Divination Professor'
2018-08-26 20:22:26,895 INFO     [8094][deckbuilder_app.scripts.create_cards.<module>:52] Created 'Forbidden Scarecrow'
2018-08-26 20:22:26,905 INFO     [8094][deckbuilder_app.scripts.create_cards.<module>:52] Created 'Mechanics Scholar'
2018-08-26 20:22:26,912 INFO     [8094][deckbuilder_app.scripts.create_cards.<module>:52] Created 'Recluse Owl'
2018-08-26 20:22:26,917 INFO     [8094][deckbuilder_app.scripts.create_cards.<module>:52] Created 'Heavy Burden'
2018-08-26 20:22:26,923 INFO     [8094][deckbuilder_app.scripts.create_cards.<module>:52] Created 'Planar Switch'
2018-08-26 20:22:26,929 INFO     [8094][deckbuilder_app.scripts.create_cards.<module>:52] Created 'Cursed Cat'
2018-08-26 20:22:26,935 INFO     [8094][deckbuilder_app.scripts.create_cards.<module>:52] Created 'Droid-Plug-in'
2018-08-26 20:22:26,945 INFO     [8094][deckbuilder_app.scripts.create_cards.<module>:52] Created 'Magic-drug Apprentice'
2018-08-26 20:22:26,954 INFO     [8094][deckbuilder_app.scripts.create_cards.<module>:52] Created 'Mechanic Apprentice'
2018-08-26 20:22:26,963 INFO     [8094][deckbuilder_app.scripts.create_cards.<module>:52] Created 'Obstructing Guard'
2018-08-26 20:22:26,974 INFO     [8094][deckbuilder_app.scripts.create_cards.<module>:52] Created 'Spellbreak Obelist'
2018-08-26 20:22:26,984 INFO     [8094][deckbuilder_app.scripts.create_cards.<module>:52] Created 'Wisdom Subassembly'
2018-08-26 20:22:26,989 INFO     [8094][deckbuilder_app.scripts.create_cards.<module>:52] Created 'Spellblade No.5'
2018-08-26 20:22:26,996 INFO     [8094][deckbuilder_app.scripts.create_cards.<module>:52] Created 'Dinin No.9'
2018-08-26 20:22:27,002 INFO     [8094][deckbuilder_app.scripts.create_cards.<module>:52] Created 'Iron Spell Defender'
2018-08-26 20:22:27,008 INFO     [8094][deckbuilder_app.scripts.create_cards.<module>:52] Created 'Guard Professor'
2018-08-26 20:22:27,017 INFO     [8094][deckbuilder_app.scripts.create_cards.<module>:52] Created 'Ask The Hermit'
2018-08-26 20:22:27,027 INFO     [8094][deckbuilder_app.scripts.create_cards.<module>:52] Created 'Scroll of Immensity'
2018-08-26 20:22:27,036 INFO     [8094][deckbuilder_app.scripts.create_cards.<module>:52] Created 'Augury Scholar'
2018-08-26 20:22:27,045 INFO     [8094][deckbuilder_app.scripts.create_cards.<module>:52] Created 'Droid-Infiltration'
2018-08-26 20:22:27,055 INFO     [8094][deckbuilder_app.scripts.create_cards.<module>:52] Created 'Guard Apprentice'
2018-08-26 20:22:27,060 INFO     [8094][deckbuilder_app.scripts.create_cards.<module>:52] Created 'Recluse Core'
2018-08-26 20:22:27,066 INFO     [8094][deckbuilder_app.scripts.create_cards.<module>:52] Created 'Labyrinthe'
2018-08-26 20:22:27,071 INFO     [8094][deckbuilder_app.scripts.create_cards.<module>:52] Created 'Mass Weakness'
2018-08-26 20:22:27,076 INFO     [8094][deckbuilder_app.scripts.create_cards.<module>:52] Created 'Recycled Plasma'
2018-08-26 20:22:27,084 INFO     [8094][deckbuilder_app.scripts.create_cards.<module>:52] Created 'Droid-Element'
2018-08-26 20:22:27,094 INFO     [8094][deckbuilder_app.scripts.create_cards.<module>:52] Created 'Conjuration Scholar'
2018-08-26 20:22:27,103 INFO     [8094][deckbuilder_app.scripts.create_cards.<module>:52] Created 'Droid-Communication'
2018-08-26 20:22:27,113 INFO     [8094][deckbuilder_app.scripts.create_cards.<module>:52] Created 'Droid-Disturber'
2018-08-26 20:22:27,121 INFO     [8094][deckbuilder_app.scripts.create_cards.<module>:52] Created 'Life Subassembly'
2018-08-26 20:22:27,127 INFO     [8094][deckbuilder_app.scripts.create_cards.<module>:52] Created 'Magic-drug Scholar'
2018-08-26 20:22:27,134 INFO     [8094][deckbuilder_app.scripts.create_cards.<module>:52] Created 'Kidou-7'
2018-08-26 20:22:27,139 INFO     [8094][deckbuilder_app.scripts.create_cards.<module>:52] Created 'Inversion'
2018-08-26 20:22:27,144 INFO     [8094][deckbuilder_app.scripts.create_cards.<module>:52] Created 'Droid-Fission'
2018-08-26 20:22:27,153 INFO     [8094][deckbuilder_app.scripts.create_cards.<module>:52] Created 'Conjuration Proctor'
2018-08-26 20:22:27,162 INFO     [8094][deckbuilder_app.scripts.create_cards.<module>:52] Created 'Hoary Root'
2018-08-26 20:22:27,172 INFO     [8094][deckbuilder_app.scripts.create_cards.<module>:52] Created 'Mystery Tree'
2018-08-26 20:22:27,182 INFO     [8094][deckbuilder_app.scripts.create_cards.<module>:52] Created 'Humble Research'
2018-08-26 20:22:27,187 INFO     [8094][deckbuilder_app.scripts.create_cards.<module>:52] Created 'Lost Faith'
2018-08-26 20:22:27,193 INFO     [8094][deckbuilder_app.scripts.create_cards.<module>:52] Created 'Alloy Engineer'
2018-08-26 20:22:27,198 INFO     [8094][deckbuilder_app.scripts.create_cards.<module>:52] Created 'Droid-Energy'
2018-08-26 20:22:27,203 INFO     [8094][deckbuilder_app.scripts.create_cards.<module>:52] Created 'Droid-Incinerator'
2018-08-26 20:22:27,209 INFO     [8094][deckbuilder_app.scripts.create_cards.<module>:52] Created 'Epic Scholar'
2018-08-26 20:22:27,218 INFO     [8094][deckbuilder_app.scripts.create_cards.<module>:52] Created 'Pulp Fluid'
2018-08-26 20:22:27,228 INFO     [8094][deckbuilder_app.scripts.create_cards.<module>:52] Created 'Citadel Gargoyle'
2018-08-26 20:22:27,237 INFO     [8094][deckbuilder_app.scripts.create_cards.<module>:52] Created 'Droid - Provision'
2018-08-26 20:22:27,246 INFO     [8094][deckbuilder_app.scripts.create_cards.<module>:52] Created 'Droid-Enhancement'
2018-08-26 20:22:27,253 INFO     [8094][deckbuilder_app.scripts.create_cards.<module>:52] Created 'Support Guardian'
2018-08-26 20:22:27,258 INFO     [8094][deckbuilder_app.scripts.create_cards.<module>:52] Created 'Meara No.2'
2018-08-26 20:22:27,264 INFO     [8094][deckbuilder_app.scripts.create_cards.<module>:52] Created 'Magic Storm Hydra'
2018-08-26 20:22:27,270 INFO     [8094][deckbuilder_app.scripts.create_cards.<module>:52] Created 'Pioneering Thoughts'
2018-08-26 20:22:27,276 INFO     [8094][deckbuilder_app.scripts.create_cards.<module>:52] Created 'Dreamy Sphinx'
2018-08-26 20:22:27,285 INFO     [8094][deckbuilder_app.scripts.create_cards.<module>:52] Created 'Droid-Destruction'
2018-08-26 20:22:27,294 INFO     [8094][deckbuilder_app.scripts.create_cards.<module>:52] Created 'Phantom Bear'
2018-08-26 20:22:27,302 INFO     [8094][deckbuilder_app.scripts.create_cards.<module>:52] Created 'Conjuring Witch'
2018-08-26 20:22:27,312 INFO     [8094][deckbuilder_app.scripts.create_cards.<module>:52] Created 'Droid-Luminosity'
2018-08-26 20:22:27,317 INFO     [8094][deckbuilder_app.scripts.create_cards.<module>:52] Created 'Multiple Phantasms'
2018-08-26 20:22:27,323 INFO     [8094][deckbuilder_app.scripts.create_cards.<module>:52] Created 'Illusion Professor'
2018-08-26 20:22:27,329 INFO     [8094][deckbuilder_app.scripts.create_cards.<module>:52] Created 'Phantom Dragon'
2018-08-26 20:22:27,334 INFO     [8094][deckbuilder_app.scripts.create_cards.<module>:52] Created 'Obsidian Gargoyle'
2018-08-26 20:22:27,344 INFO     [8094][deckbuilder_app.scripts.create_cards.<module>:52] Created 'Droid-Manufacturing'
2018-08-26 20:22:27,353 INFO     [8094][deckbuilder_app.scripts.create_cards.<module>:52] Created 'Handsome Student'
2018-08-26 20:22:27,362 INFO     [8094][deckbuilder_app.scripts.create_cards.<module>:52] Created 'Frigate-Pangu'
2018-08-26 20:22:27,371 INFO     [8094][deckbuilder_app.scripts.create_cards.<module>:52] Created 'Sagacious Sphinx'
2018-08-26 20:22:27,378 INFO     [8094][deckbuilder_app.scripts.create_cards.<module>:52] Created 'Mystery Pumpkin Tree'
2018-08-26 20:22:27,383 INFO     [8094][deckbuilder_app.scripts.create_cards.<module>:52] Created 'Giant Gargoyle'
2018-08-26 20:22:27,388 INFO     [8094][deckbuilder_app.scripts.create_cards.<module>:52] Created 'Ulviirala No.6'
2018-08-26 20:22:27,394 INFO     [8094][deckbuilder_app.scripts.create_cards.<module>:52] Created 'Destroyer-Tianwei'
2018-08-26 20:22:27,400 INFO     [8094][deckbuilder_app.scripts.create_cards.<module>:52] Created 'Mind Control'
2018-08-26 20:22:27,410 INFO     [8094][deckbuilder_app.scripts.create_cards.<module>:52] Created 'Enchanted Steel'
2018-08-26 20:22:27,419 INFO     [8094][deckbuilder_app.scripts.create_cards.<module>:52] Created 'Istorvir No.3'
2018-08-26 20:22:27,428 INFO     [8094][deckbuilder_app.scripts.create_cards.<module>:52] Created 'Iron Wing Arbiter'
2018-08-26 20:22:27,441 INFO     [8094][deckbuilder_app.scripts.create_cards.<module>:52] Created 'Magic Matchstick'
2018-08-26 20:22:27,448 INFO     [8094][deckbuilder_app.scripts.create_cards.<module>:52] Created 'Dire Puppy'
2018-08-26 20:22:27,453 INFO     [8094][deckbuilder_app.scripts.create_cards.<module>:52] Created 'King's Message'
2018-08-26 20:22:27,458 INFO     [8094][deckbuilder_app.scripts.create_cards.<module>:52] Created 'Mind Collapser'
2018-08-26 20:22:27,463 INFO     [8094][deckbuilder_app.scripts.create_cards.<module>:52] Created 'Matchstick Girl'
2018-08-26 20:22:27,469 INFO     [8094][deckbuilder_app.scripts.create_cards.<module>:52] Created 'Prized Beast'
2018-08-26 20:22:27,478 INFO     [8094][deckbuilder_app.scripts.create_cards.<module>:52] Created 'Happy Messenger'
2018-08-26 20:22:27,487 INFO     [8094][deckbuilder_app.scripts.create_cards.<module>:52] Created 'Supply Barrel'
2018-08-26 20:22:27,496 INFO     [8094][deckbuilder_app.scripts.create_cards.<module>:52] Created 'Soar, Fleuret Gent'
2018-08-26 20:22:27,505 INFO     [8094][deckbuilder_app.scripts.create_cards.<module>:52] Created 'Leira's Secret Scroll'
2018-08-26 20:22:27,511 INFO     [8094][deckbuilder_app.scripts.create_cards.<module>:52] Created 'Seal of Paradise'
2018-08-26 20:22:27,517 INFO     [8094][deckbuilder_app.scripts.create_cards.<module>:52] Created 'Devil Hunter of Red Sea'
2018-08-26 20:22:27,522 INFO     [8094][deckbuilder_app.scripts.create_cards.<module>:52] Created 'Beast Smuggler'
2018-08-26 20:22:27,527 INFO     [8094][deckbuilder_app.scripts.create_cards.<module>:52] Created 'Petrel's Bodyguard'
2018-08-26 20:22:27,532 INFO     [8094][deckbuilder_app.scripts.create_cards.<module>:52] Created 'Chain Lightning'
2018-08-26 20:22:27,541 INFO     [8094][deckbuilder_app.scripts.create_cards.<module>:52] Created 'Night Ambush'
2018-08-26 20:22:27,550 INFO     [8094][deckbuilder_app.scripts.create_cards.<module>:52] Created 'Allopatric Viper'
2018-08-26 20:22:27,559 INFO     [8094][deckbuilder_app.scripts.create_cards.<module>:52] Created 'Darkwater Swiftblade'
2018-08-26 20:22:27,568 INFO     [8094][deckbuilder_app.scripts.create_cards.<module>:52] Created 'Desperado'
2018-08-26 20:22:27,575 INFO     [8094][deckbuilder_app.scripts.create_cards.<module>:52] Created 'Night Marksman'
2018-08-26 20:22:27,581 INFO     [8094][deckbuilder_app.scripts.create_cards.<module>:52] Created 'Pot of Souls'
2018-08-26 20:22:27,586 INFO     [8094][deckbuilder_app.scripts.create_cards.<module>:52] Created 'Angry Pumpkin'
2018-08-26 20:22:27,591 INFO     [8094][deckbuilder_app.scripts.create_cards.<module>:52] Created 'Cursed Iceshield'
2018-08-26 20:22:27,597 INFO     [8094][deckbuilder_app.scripts.create_cards.<module>:52] Created 'Durable Trap'
2018-08-26 20:22:27,607 INFO     [8094][deckbuilder_app.scripts.create_cards.<module>:52] Created 'Leira's Fire Missle'
2018-08-26 20:22:27,617 INFO     [8094][deckbuilder_app.scripts.create_cards.<module>:52] Created 'Lucky Pumpkin'
2018-08-26 20:22:27,627 INFO     [8094][deckbuilder_app.scripts.create_cards.<module>:52] Created 'Outland Letter'
2018-08-26 20:22:27,637 INFO     [8094][deckbuilder_app.scripts.create_cards.<module>:52] Created 'Overdraft'
2018-08-26 20:22:27,646 INFO     [8094][deckbuilder_app.scripts.create_cards.<module>:52] Created 'Volley of Arrows'
2018-08-26 20:22:27,652 INFO     [8094][deckbuilder_app.scripts.create_cards.<module>:52] Created 'Crafty Trainee'
2018-08-26 20:22:27,657 INFO     [8094][deckbuilder_app.scripts.create_cards.<module>:52] Created 'Exploding Barrel'
2018-08-26 20:22:27,663 INFO     [8094][deckbuilder_app.scripts.create_cards.<module>:52] Created 'Little Witch'
2018-08-26 20:22:27,668 INFO     [8094][deckbuilder_app.scripts.create_cards.<module>:52] Created 'Sea Explorer'
2018-08-26 20:22:27,677 INFO     [8094][deckbuilder_app.scripts.create_cards.<module>:52] Created 'Seaman'
2018-08-26 20:22:27,686 INFO     [8094][deckbuilder_app.scripts.create_cards.<module>:52] Created 'Eisele, Bloody Soul'
2018-08-26 20:22:27,695 INFO     [8094][deckbuilder_app.scripts.create_cards.<module>:52] Created 'Marsa, Blackgold rose'
2018-08-26 20:22:27,705 INFO     [8094][deckbuilder_app.scripts.create_cards.<module>:52] Created 'Powley, Petrel'
2018-08-26 20:22:27,714 INFO     [8094][deckbuilder_app.scripts.create_cards.<module>:52] Created 'Sea Storm'
2018-08-26 20:22:27,719 INFO     [8094][deckbuilder_app.scripts.create_cards.<module>:52] Created 'Kiko'
2018-08-26 20:22:27,724 INFO     [8094][deckbuilder_app.scripts.create_cards.<module>:52] Created 'Blackgold Augur'
2018-08-26 20:22:27,729 INFO     [8094][deckbuilder_app.scripts.create_cards.<module>:52] Created 'Deadwind Ranger'
2018-08-26 20:22:27,735 INFO     [8094][deckbuilder_app.scripts.create_cards.<module>:52] Created 'Space of Happiness'
2018-08-26 20:22:27,744 INFO     [8094][deckbuilder_app.scripts.create_cards.<module>:52] Created 'Thundercloud Summoner'
2018-08-26 20:22:27,754 INFO     [8094][deckbuilder_app.scripts.create_cards.<module>:52] Created 'Magic Storm'
2018-08-26 20:22:27,763 INFO     [8094][deckbuilder_app.scripts.create_cards.<module>:52] Created 'Mindstorm'
2018-08-26 20:22:27,773 INFO     [8094][deckbuilder_app.scripts.create_cards.<module>:52] Created 'Sell Your Faith'
2018-08-26 20:22:27,785 INFO     [8094][deckbuilder_app.scripts.create_cards.<module>:52] Created 'Stowaway Monster'
2018-08-26 20:22:27,790 INFO     [8094][deckbuilder_app.scripts.create_cards.<module>:52] Created 'Passionate Shaman'
2018-08-26 20:22:27,795 INFO     [8094][deckbuilder_app.scripts.create_cards.<module>:52] Created 'Exotic Hermit'
2018-08-26 20:22:27,800 INFO     [8094][deckbuilder_app.scripts.create_cards.<module>:52] Created 'Festival Girl'
2018-08-26 20:22:27,806 INFO     [8094][deckbuilder_app.scripts.create_cards.<module>:52] Created 'Firetrick Sorceror'
2018-08-26 20:22:27,814 INFO     [8094][deckbuilder_app.scripts.create_cards.<module>:52] Created 'Navigator'
2018-08-26 20:22:27,823 INFO     [8094][deckbuilder_app.scripts.create_cards.<module>:52] Created 'Petrel's Mortar'
2018-08-26 20:22:27,834 INFO     [8094][deckbuilder_app.scripts.create_cards.<module>:52] Created 'Psionic Engineer'
2018-08-26 20:22:27,843 INFO     [8094][deckbuilder_app.scripts.create_cards.<module>:52] Created 'Assassination'
2018-08-26 20:22:27,852 INFO     [8094][deckbuilder_app.scripts.create_cards.<module>:52] Created 'Captain's Greed'
2018-08-26 20:22:27,859 INFO     [8094][deckbuilder_app.scripts.create_cards.<module>:52] Created 'Pillage'
2018-08-26 20:22:27,864 INFO     [8094][deckbuilder_app.scripts.create_cards.<module>:52] Created 'Poisoning'
2018-08-26 20:22:27,871 INFO     [8094][deckbuilder_app.scripts.create_cards.<module>:52] Created 'Black Fleet Crew'
2018-08-26 20:22:27,879 INFO     [8094][deckbuilder_app.scripts.create_cards.<module>:52] Created 'Camel'
2018-08-26 20:22:27,889 INFO     [8094][deckbuilder_app.scripts.create_cards.<module>:52] Created 'Chuckle Snowman'
2018-08-26 20:22:27,898 INFO     [8094][deckbuilder_app.scripts.create_cards.<module>:52] Created 'Elderly Hatchetman'
2018-08-26 20:22:27,907 INFO     [8094][deckbuilder_app.scripts.create_cards.<module>:52] Created 'Elderly Predictor'
2018-08-26 20:22:27,916 INFO     [8094][deckbuilder_app.scripts.create_cards.<module>:52] Created 'Greedy Old Witch'
2018-08-26 20:22:27,922 INFO     [8094][deckbuilder_app.scripts.create_cards.<module>:52] Created 'Noisy Pirate'
2018-08-26 20:22:27,927 INFO     [8094][deckbuilder_app.scripts.create_cards.<module>:52] Created 'Passionate Miner'
2018-08-26 20:22:27,932 INFO     [8094][deckbuilder_app.scripts.create_cards.<module>:52] Created 'Slave Gorilla'
2018-08-26 20:22:27,938 INFO     [8094][deckbuilder_app.scripts.create_cards.<module>:52] Created 'Sottish Drunk'
2018-08-26 20:22:27,945 INFO     [8094][deckbuilder_app.scripts.create_cards.<module>:52] Created 'Sottish Thug'
2018-08-26 20:22:27,955 INFO     [8094][deckbuilder_app.scripts.create_cards.<module>:52] Created 'Benny, Silver Tongue'
2018-08-26 20:22:27,964 INFO     [8094][deckbuilder_app.scripts.create_cards.<module>:52] Created 'Mekki, Illusionist'
2018-08-26 20:22:27,974 INFO     [8094][deckbuilder_app.scripts.create_cards.<module>:52] Created 'Passionate Engineer'
2018-08-26 20:22:27,982 INFO     [8094][deckbuilder_app.scripts.create_cards.<module>:52] Created 'Alchemist'
2018-08-26 20:22:27,989 INFO     [8094][deckbuilder_app.scripts.create_cards.<module>:52] Created 'Genie's Lamp'
2018-08-26 20:22:27,994 INFO     [8094][deckbuilder_app.scripts.create_cards.<module>:52] Created 'Prison Breaker'
2018-08-26 20:22:28,000 INFO     [8094][deckbuilder_app.scripts.create_cards.<module>:52] Created 'Petrel's Command'
2018-08-26 20:22:28,005 INFO     [8094][deckbuilder_app.scripts.create_cards.<module>:52] Created 'Black Fleet Axeman'
2018-08-26 20:22:28,012 INFO     [8094][deckbuilder_app.scripts.create_cards.<module>:52] Created 'Dojo Gatekeeper'
2018-08-26 20:22:28,021 INFO     [8094][deckbuilder_app.scripts.create_cards.<module>:52] Created 'Gift Tree'
2018-08-26 20:22:28,030 INFO     [8094][deckbuilder_app.scripts.create_cards.<module>:52] Created 'Greedy Captain'
2018-08-26 20:22:28,040 INFO     [8094][deckbuilder_app.scripts.create_cards.<module>:52] Created 'Mentor Of Light'
2018-08-26 20:22:28,049 INFO     [8094][deckbuilder_app.scripts.create_cards.<module>:52] Created 'Sexy Witch'
2018-08-26 20:22:28,054 INFO     [8094][deckbuilder_app.scripts.create_cards.<module>:52] Created 'Zoologist'
2018-08-26 20:22:28,061 INFO     [8094][deckbuilder_app.scripts.create_cards.<module>:52] Created 'Navigation Supply'
2018-08-26 20:22:28,067 INFO     [8094][deckbuilder_app.scripts.create_cards.<module>:52] Created 'Harbour Blacksmith'
2018-08-26 20:22:28,072 INFO     [8094][deckbuilder_app.scripts.create_cards.<module>:52] Created 'Lightning Sorceror'
2018-08-26 20:22:28,083 INFO     [8094][deckbuilder_app.scripts.create_cards.<module>:52] Created 'Burian, Iron Roar'
2018-08-26 20:22:28,092 INFO     [8094][deckbuilder_app.scripts.create_cards.<module>:52] Created 'Leira, Raging Flame'
2018-08-26 20:22:28,101 INFO     [8094][deckbuilder_app.scripts.create_cards.<module>:52] Created 'Disarm & Counter'
2018-08-26 20:22:28,110 INFO     [8094][deckbuilder_app.scripts.create_cards.<module>:52] Created 'Vast Conspiracy'
2018-08-26 20:22:28,116 INFO     [8094][deckbuilder_app.scripts.create_cards.<module>:52] Created 'Blackgold Trickster'
2018-08-26 20:22:28,121 INFO     [8094][deckbuilder_app.scripts.create_cards.<module>:52] Created 'Forge Master'
2018-08-26 20:22:28,127 INFO     [8094][deckbuilder_app.scripts.create_cards.<module>:52] Created 'Red-Suited Dwarf'
2018-08-26 20:22:28,132 INFO     [8094][deckbuilder_app.scripts.create_cards.<module>:52] Created 'Solar Archmage'
2018-08-26 20:22:28,138 INFO     [8094][deckbuilder_app.scripts.create_cards.<module>:52] Created 'Black Fleet Gunner'
2018-08-26 20:22:28,147 INFO     [8094][deckbuilder_app.scripts.create_cards.<module>:52] Created 'Blackgold Hangman'
2018-08-26 20:22:28,156 INFO     [8094][deckbuilder_app.scripts.create_cards.<module>:52] Created 'Blade Hunter'
2018-08-26 20:22:28,165 INFO     [8094][deckbuilder_app.scripts.create_cards.<module>:52] Created 'Chained Beast'
2018-08-26 20:22:28,175 INFO     [8094][deckbuilder_app.scripts.create_cards.<module>:52] Created 'Deadly Scarecrow'
2018-08-26 20:22:28,181 INFO     [8094][deckbuilder_app.scripts.create_cards.<module>:52] Created 'Snake Charmer'
2018-08-26 20:22:28,188 INFO     [8094][deckbuilder_app.scripts.create_cards.<module>:52] Created 'Sorcery Trap'
2018-08-26 20:22:28,194 INFO     [8094][deckbuilder_app.scripts.create_cards.<module>:52] Created 'Blackgold Corrupter'
2018-08-26 20:22:28,200 INFO     [8094][deckbuilder_app.scripts.create_cards.<module>:52] Created 'Dire Hound Guardian'
2018-08-26 20:22:28,207 INFO     [8094][deckbuilder_app.scripts.create_cards.<module>:52] Created 'Plated Axeman'
2018-08-26 20:22:28,217 INFO     [8094][deckbuilder_app.scripts.create_cards.<module>:52] Created 'Skynet'
2018-08-26 20:22:28,226 INFO     [8094][deckbuilder_app.scripts.create_cards.<module>:52] Created 'Black Fleet Captain'
2018-08-26 20:22:28,236 INFO     [8094][deckbuilder_app.scripts.create_cards.<module>:52] Created 'Draught Elephant'
2018-08-26 20:22:28,245 INFO     [8094][deckbuilder_app.scripts.create_cards.<module>:52] Created 'Mountain Axeman'
2018-08-26 20:22:28,252 INFO     [8094][deckbuilder_app.scripts.create_cards.<module>:52] Created 'Roaring Tide'
2018-08-26 20:22:28,258 INFO     [8094][deckbuilder_app.scripts.create_cards.<module>:52] Created 'Blackgold Hammer'
2018-08-26 20:22:28,264 INFO     [8094][deckbuilder_app.scripts.create_cards.<module>:52] Created 'Meson, The Third'
2018-08-26 20:22:28,270 INFO     [8094][deckbuilder_app.scripts.create_cards.<module>:52] Created 'Mad Kiko'
2018-08-26 20:22:28,277 INFO     [8094][deckbuilder_app.scripts.create_cards.<module>:52] Created 'Bewitching Shadow'
2018-08-26 20:22:28,286 INFO     [8094][deckbuilder_app.scripts.create_cards.<module>:52] Created 'Furious Bull'
2018-08-26 20:22:28,296 INFO     [8094][deckbuilder_app.scripts.create_cards.<module>:52] Created 'Treasure Cruiser'
2018-08-26 20:22:28,306 INFO     [8094][deckbuilder_app.scripts.create_cards.<module>:52] Created 'Blackgold Dynamiter'
2018-08-26 20:22:28,315 INFO     [8094][deckbuilder_app.scripts.create_cards.<module>:52] Created 'Chained Behemoth'
2018-08-26 20:22:28,315 INFO     [8094][deckbuilder_app.scripts.create_cards.<module>:56] Finished creating cards.
2018-08-26 20:22:34,064 ERROR    [8094][deckbuilder_app.scripts.create_decks.create_decks:32] Problem adding card to deck: 'Wild Board Axe' - Card matching query does not exist.
2018-08-26 20:24:57,993 INFO     [7620][deckbuilder_app.views.deck_edit:47] Updating deck 'Galaxy Artist' id 14
2018-08-26 20:24:57,993 DEBUG    [7620][deckbuilder_app.views.deck_edit:49] Request data: {'name': 'Galaxy Artist', 'cards': {'Temple Guard': 3, 'Fortification': 3, "Anabel, Dawn's Light": 1, 'Peripatetic Guqin Artist': 3, 'Seiso Monk': 2, 'Immortal Ficus': 1, 'Caroline, Holy Lance': 1, 'Celestial Kensai': 2, 'Sika Magi': 3, 'Janissary Commander': 3, 'Protective Anima': 2, "Light's Retribution": 3, 'Testudo Arhat': 1, 'Yiyun Sword-master Ren': 1, 'Dapton, Fortress': 1}}
2018-08-26 20:24:57,996 INFO     [7620][deckbuilder_app.views.deck_edit:64] Removed cards: []
2018-08-26 20:24:57,996 INFO     [7620][deckbuilder_app.views.deck_edit:65] Added cards: set()
2018-08-26 20:25:10,782 INFO     [7620][deckbuilder_app.views.deck_edit:47] Updating deck 'Galaxy Artist' id 14
2018-08-26 20:25:10,782 DEBUG    [7620][deckbuilder_app.views.deck_edit:49] Request data: {'name': 'Galaxy Artist', 'cards': {'Temple Guard': 3, 'Fortification': 3, "Anabel, Dawn's Light": 1, 'Peripatetic Guqin Artist': 3, 'Seiso Monk': 2, 'Immortal Ficus': 1, 'Caroline, Holy Lance': 1, 'Celestial Kensai': 2, 'Sika Magi': 3, 'Janissary Commander': 3, 'Protective Anima': 2, "Light's Retribution": 3, 'Testudo Arhat': 1, 'Yiyun Sword-master Ren': 1, 'Dapton, Fortress': 1}}
2018-08-26 20:25:10,784 INFO     [7620][deckbuilder_app.views.deck_edit:64] Removed cards: []
2018-08-26 20:25:10,785 INFO     [7620][deckbuilder_app.views.deck_edit:65] Added cards: set()
2018-08-30 20:28:49,534 INFO     [4568][deckbuilder_app.views.deck_edit:211] Updating deck 'Galaxy Artist' id 14
2018-08-30 20:28:49,535 DEBUG    [4568][deckbuilder_app.views.deck_edit:213] Request data: {'name': 'Galaxy Artist', 'cards': {'Temple Guard': 2, 'Fortification': 3, "Anabel, Dawn's Light": 1, 'Peripatetic Guqin Artist': 3, 'Seiso Monk': 2, 'Immortal Ficus': 1, 'Caroline, Holy Lance': 1, 'Celestial Kensai': 2, 'Sika Magi': 3, 'Janissary Commander': 3, 'Protective Anima': 2, "Light's Retribution": 3, 'Testudo Arhat': 1, 'Yiyun Sword-master Ren': 1, 'Dapton, Fortress': 1}}
2018-08-30 20:28:49,537 INFO     [4568][deckbuilder_app.views.deck_edit:228] Removed cards: []
2018-08-30 20:28:49,537 INFO     [4568][deckbuilder_app.views.deck_edit:229] Added cards: set()
2018-08-30 20:28:49,541 INFO     [4568][deckbuilder_app.views.deck_edit:244] Updating copies of 'Temple Guard' from 3 to 2
2018-08-30 20:28:57,159 INFO     [4568][deckbuilder_app.views.deck_edit:211] Updating deck 'Galaxy Artist' id 14
2018-08-30 20:28:57,160 DEBUG    [4568][deckbuilder_app.views.deck_edit:213] Request data: {'name': 'Galaxy Artist', 'cards': {'Temple Guard': 3, 'Fortification': 3, "Anabel, Dawn's Light": 1, 'Peripatetic Guqin Artist': 3, 'Seiso Monk': 2, 'Immortal Ficus': 1, 'Caroline, Holy Lance': 1, 'Celestial Kensai': 2, 'Sika Magi': 3, 'Janissary Commander': 3, 'Protective Anima': 2, "Light's Retribution": 3, 'Testudo Arhat': 1, 'Yiyun Sword-master Ren': 1, 'Dapton, Fortress': 1}}
2018-08-30 20:28:57,165 INFO     [4568][deckbuilder_app.views.deck_edit:228] Removed cards: []
2018-08-30 20:28:57,165 INFO     [4568][deckbuilder_app.views.deck_edit:229] Added cards: set()
2018-08-30 20:28:57,168 INFO     [4568][deckbuilder_app.views.deck_edit:244] Updating copies of 'Temple Guard' from 2 to 3
